[INFO ] 2024-02-11 04:24:00.883 RestReqFilter:46 - Response code: 201
Response Body:
{
    "id": "842",
    "createdAt": "2024-02-10T21:24:01.033Z"
}
You can use following cURL to reproduce the same request:
curl --location --request POST https://reqres.in/api/users \
--header 'Accept:*/*'\
--header 'Content-Type:text/plain; charset=ISO-8859-1'\
--data-raw '{"name":"Ho Ngoc Ha","job":"Singer"}'
[INFO ] 2024-02-11 04:24:00.886 RestReqFilter:52 - x-mm-correlation-id=null
[INFO ] 2024-02-11 04:28:45.178 RestReqFilter:46 - Response code: 201
Response Body:
{
    "id": "40",
    "createdAt": "2024-02-10T21:28:45.317Z"
}
You can use following cURL to reproduce the same request:
curl --location --request POST https://reqres.in/api/users \
--header 'Accept:*/*'\
--header 'Content-Type:text/plain; charset=ISO-8859-1'\
--data-raw '{"name":"Ho Ngoc Ha","job":"Singer"}'
[INFO ] 2024-02-11 04:28:45.181 RestReqFilter:52 - x-mm-correlation-id=null

[INFO ] 2024-02-11 04:29:22.225 RestReqFilter:46 - Response code: 201
Response Body:
{
    "id": "399",
    "createdAt": "2024-02-10T21:29:22.378Z"
}
You can use following cURL to reproduce the same request:
curl --location --request POST https://reqres.in/api/users \
--header 'Accept:*/*'\
--header 'Content-Type:text/plain; charset=ISO-8859-1'\
--data-raw '{"name":"Ailee","job":"Singer"}'
[INFO ] 2024-02-11 04:29:22.227 RestReqFilter:52 - x-mm-correlation-id=null

[INFO ] 2024-02-11 04:31:11.044 RestReqFilter:46 - Response code: 201
Response Body:
{
    "id": "988",
    "createdAt": "2024-02-10T21:31:11.184Z"
}
You can use following cURL to reproduce the same request:
curl --location --request POST https://reqres.in/api/users \
--header 'Accept:*/*'\
--header 'Content-Type:text/plain; charset=ISO-8859-1'\
--data-raw '{"name":"Hung Dao","job":"Engineer"}'
[INFO ] 2024-02-11 04:31:11.047 RestReqFilter:52 - x-mm-correlation-id=null

[INFO ] 2024-02-11 04:31:30.464 RestReqFilter:46 - Response code: 201
Response Body:
{
    "id": "728",
    "createdAt": "2024-02-10T21:31:30.604Z"
}
You can use following cURL to reproduce the same request:
curl --location --request POST https://reqres.in/api/users \
--header 'Accept:*/*'\
--header 'Content-Type:text/plain; charset=ISO-8859-1'\
--data-raw '{"name":"Retta Rowe","id":"3006795568","job":"Manager"}'
[INFO ] 2024-02-11 04:31:30.467 RestReqFilter:52 - x-mm-correlation-id=null

[INFO ] 2024-02-11 04:31:40.526 RestReqFilter:46 - Response code: 201
Response Body:
{
    "id": "949",
    "createdAt": "2024-02-10T21:31:40.672Z"
}
You can use following cURL to reproduce the same request:
curl --location --request POST https://reqres.in/api/users \
--header 'Accept:*/*'\
--header 'Content-Type:text/plain; charset=ISO-8859-1'\
--data-raw '{"id":857011,"name":"Iesha Schuppe","job":"Forward Design Producer"}'
[INFO ] 2024-02-11 04:31:40.529 RestReqFilter:52 - x-mm-correlation-id=null

[INFO ] 2024-02-11 04:34:46.973 RestReqFilter:46 - Response code: 201
Response Body:
{
    "id": "55",
    "createdAt": "2024-02-10T21:34:47.110Z"
}
You can use following cURL to reproduce the same request:
curl --location --request POST https://reqres.in/api/users \
--header 'Accept:*/*'\
--header 'Content-Type:text/plain; charset=ISO-8859-1'\
--data-raw '{"id":102886,"name":"Adah Dibbert IV","job":"Mining Agent"}'
[INFO ] 2024-02-11 04:34:46.976 RestReqFilter:52 - x-mm-correlation-id=null

[INFO ] 2024-02-11 04:39:09.965 RestReqFilter:46 - Response code: 201
Response Body:
{
    "id": "270",
    "createdAt": "2024-02-10T21:39:10.072Z"
}
You can use following cURL to reproduce the same request:
curl --location --request POST https://reqres.in/api/users \
--header 'Accept:*/*'\
--header 'Content-Type:text/plain; charset=ISO-8859-1'\
--data-raw '{"name":"Ho Ngoc Ha","job":"Singer"}'
[INFO ] 2024-02-11 04:39:09.967 RestReqFilter:52 - x-mm-correlation-id=null

[INFO ] 2024-02-11 04:53:03.616 RestReqFilter:46 - Response code: 201
Response Body:
{
    "id": "711",
    "createdAt": "2024-02-10T21:53:03.712Z"
}
You can use following cURL to reproduce the same request:
curl --location --request POST https://reqres.in/api/users \
--header 'Accept:*/*'\
--header 'Content-Type:text/plain; charset=ISO-8859-1'\
--data-raw '{"id":601393,"name":"Brady Thiel","job":"Legacy Technology Associate"}'
[INFO ] 2024-02-11 04:53:03.619 RestReqFilter:52 - x-mm-correlation-id=null

[INFO ] 2024-02-11 04:53:05.178 RestReqFilter:46 - Response code: 201
Response Body:
{
    "id": "728",
    "createdAt": "2024-02-10T21:53:05.333Z"
}
You can use following cURL to reproduce the same request:
curl --location --request POST https://reqres.in/api/users \
--header 'Accept:*/*'\
--header 'Content-Type:text/plain; charset=ISO-8859-1'\
--data-raw '{
"name": "Nguyen Tuan",
"job": "Member",
}'
[INFO ] 2024-02-11 04:53:05.179 RestReqFilter:52 - x-mm-correlation-id=null

[INFO ] 2024-02-11 04:53:05.696 RestReqFilter:46 - Response code: 201
Response Body:
{
    "id": "40",
    "createdAt": "2024-02-10T21:53:05.847Z"
}
You can use following cURL to reproduce the same request:
curl --location --request POST https://reqres.in/api/users \
--header 'Accept:*/*'\
--header 'Content-Type:text/plain; charset=ISO-8859-1'\
--data-raw '{
        "name": Tran Tuan,
        "job": "Manager",
}'
[INFO ] 2024-02-11 04:53:05.696 RestReqFilter:52 - x-mm-correlation-id=null

[INFO ] 2024-02-11 04:53:06.224 RestReqFilter:46 - Response code: 201
Response Body:
{
    "id": "847",
    "createdAt": "2024-02-10T21:53:06.373Z"
}
You can use following cURL to reproduce the same request:
curl --location --request POST https://reqres.in/api/users \
--header 'Accept:*/*'\
--header 'Content-Type:text/plain; charset=ISO-8859-1'\
--data-raw '{"name":"Huynh Van Banh","job":"Developer"}'
[INFO ] 2024-02-11 04:53:06.224 RestReqFilter:52 - x-mm-correlation-id=null

[INFO ] 2024-02-11 04:53:06.734 RestReqFilter:46 - Response code: 201
Response Body:
{
    "id": "122",
    "createdAt": "2024-02-10T21:53:06.889Z"
}
You can use following cURL to reproduce the same request:
curl --location --request POST https://reqres.in/api/users \
--header 'Accept:*/*'\
--header 'Content-Type:text/plain; charset=ISO-8859-1'\
--data-raw '{"name":"Nguyen Ngoc Ngan","job":"Author"}'
[INFO ] 2024-02-11 04:53:06.734 RestReqFilter:52 - x-mm-correlation-id=null

[INFO ] 2024-02-11 04:53:07.245 RestReqFilter:46 - Response code: 201
Response Body:
{
    "id": "913",
    "createdAt": "2024-02-10T21:53:07.398Z"
}
You can use following cURL to reproduce the same request:
curl --location --request POST https://reqres.in/api/users \
--header 'Accept:*/*'\
--header 'Content-Type:text/plain; charset=ISO-8859-1'\
--data-raw '{"name":"Ho Ngoc Ha","job":"Singer"}'
[INFO ] 2024-02-11 04:53:07.245 RestReqFilter:52 - x-mm-correlation-id=null

[INFO ] 2024-02-11 04:53:07.766 RestReqFilter:46 - Response code: 201
Response Body:
{
    "id": "200",
    "createdAt": "2024-02-10T21:53:07.917Z"
}
You can use following cURL to reproduce the same request:
curl --location --request POST https://reqres.in/api/users \
--header 'Accept:*/*'\
--header 'Content-Type:text/plain; charset=ISO-8859-1'\
--data-raw '{"name":"Ailee","job":"Singer"}'
[INFO ] 2024-02-11 04:53:07.766 RestReqFilter:52 - x-mm-correlation-id=null

[INFO ] 2024-02-11 04:53:08.297 RestReqFilter:46 - Response code: 201
Response Body:
{
    "id": "346",
    "createdAt": "2024-02-10T21:53:08.441Z"
}
You can use following cURL to reproduce the same request:
curl --location --request POST https://reqres.in/api/users \
--header 'Accept:*/*'\
--header 'Content-Type:text/plain; charset=ISO-8859-1'\
--data-raw '{"name":"Hung Dao","job":"Engineer"}'
[INFO ] 2024-02-11 04:53:08.298 RestReqFilter:52 - x-mm-correlation-id=null

[INFO ] 2024-02-11 04:53:08.793 RestReqFilter:46 - Response code: 201
Response Body:
{
    "id": "902",
    "createdAt": "2024-02-10T21:53:08.954Z"
}
You can use following cURL to reproduce the same request:
curl --location --request POST https://reqres.in/api/users \
--header 'Accept:*/*'\
--header 'Content-Type:text/plain; charset=ISO-8859-1'\
--data-raw '{"name":"Yuonne Toy IV","id":"7110704553","job":"Executive"}'
[INFO ] 2024-02-11 04:53:08.793 RestReqFilter:52 - x-mm-correlation-id=null

[INFO ] 2024-02-11 04:53:09.295 RestReqFilter:46 - Response code: 201
Response Body:
{
    "id": "230",
    "createdAt": "2024-02-10T21:53:09.457Z"
}
You can use following cURL to reproduce the same request:
curl --location --request POST https://reqres.in/api/users \
--header 'Accept:*/*'\
--header 'Content-Type:text/plain; charset=ISO-8859-1'\
--data-raw '{"id":264306,"name":"Olene Gulgowski","job":"Consulting Developer"}'
[INFO ] 2024-02-11 04:53:09.296 RestReqFilter:52 - x-mm-correlation-id=null

[INFO ] 2024-02-11 04:55:44.442 RestReqFilter:46 - Response code: 201
Response Body:
{
    "id": "683",
    "createdAt": "2024-02-10T21:55:44.555Z"
}
You can use following cURL to reproduce the same request:
curl --location --request POST https://reqres.in/api/users \
--header 'Accept:*/*'\
--header 'Content-Type:text/plain; charset=ISO-8859-1'\
--data-raw '{"name":"Maryrose Cassin DDS","job":"Central Healthcare Designer"}'
[INFO ] 2024-02-11 04:55:44.445 RestReqFilter:52 - x-mm-correlation-id=null

[INFO ] 2024-02-11 04:58:19.325 RestReqFilter:46 - Response code: 201
Response Body:
{
    "id": "916",
    "createdAt": "2024-02-10T21:58:19.419Z"
}
You can use following cURL to reproduce the same request:
curl --location --request POST https://reqres.in/api/users \
--header 'Accept:*/*'\
--header 'Content-Type:text/plain; charset=ISO-8859-1'\
--data-raw '{
"name": "Nguyen Tuan",
"job": "Member",
}'
[INFO ] 2024-02-11 04:58:19.328 RestReqFilter:52 - x-mm-correlation-id=null

[INFO ] 2024-02-11 04:58:19.866 RestReqFilter:46 - Response code: 201
Response Body:
{
    "id": "901",
    "createdAt": "2024-02-10T21:58:20.003Z"
}
You can use following cURL to reproduce the same request:
curl --location --request POST https://reqres.in/api/users \
--header 'Accept:*/*'\
--header 'Content-Type:text/plain; charset=ISO-8859-1'\
--data-raw '{
        "name": Tran Tuan,
        "job": "Manager",
}'
[INFO ] 2024-02-11 04:58:19.866 RestReqFilter:52 - x-mm-correlation-id=null

[INFO ] 2024-02-11 04:58:20.553 RestReqFilter:46 - Response code: 201
Response Body:
{
    "id": "859",
    "createdAt": "2024-02-10T21:58:20.705Z"
}
You can use following cURL to reproduce the same request:
curl --location --request POST https://reqres.in/api/users \
--header 'Accept:*/*'\
--header 'Content-Type:text/plain; charset=ISO-8859-1'\
--data-raw '{"name":"Huynh Van Banh","job":"Developer"}'
[INFO ] 2024-02-11 04:58:20.554 RestReqFilter:52 - x-mm-correlation-id=null

[INFO ] 2024-02-11 04:58:21.177 RestReqFilter:46 - Response code: 201
Response Body:
{
    "id": "632",
    "createdAt": "2024-02-10T21:58:21.312Z"
}
You can use following cURL to reproduce the same request:
curl --location --request POST https://reqres.in/api/users \
--header 'Accept:*/*'\
--header 'Content-Type:text/plain; charset=ISO-8859-1'\
--data-raw '{"name":"Nguyen Ngoc Ngan","job":"Author"}'
[INFO ] 2024-02-11 04:58:21.177 RestReqFilter:52 - x-mm-correlation-id=null

[INFO ] 2024-02-11 04:58:21.696 RestReqFilter:46 - Response code: 201
Response Body:
{
    "id": "536",
    "createdAt": "2024-02-10T21:58:21.840Z"
}
You can use following cURL to reproduce the same request:
curl --location --request POST https://reqres.in/api/users \
--header 'Accept:*/*'\
--header 'Content-Type:text/plain; charset=ISO-8859-1'\
--data-raw '{"name":"Ho Ngoc Ha","job":"Singer"}'
[INFO ] 2024-02-11 04:58:21.696 RestReqFilter:52 - x-mm-correlation-id=null

[INFO ] 2024-02-11 04:58:22.239 RestReqFilter:46 - Response code: 201
Response Body:
{
    "id": "798",
    "createdAt": "2024-02-10T21:58:22.371Z"
}
You can use following cURL to reproduce the same request:
curl --location --request POST https://reqres.in/api/users \
--header 'Accept:*/*'\
--header 'Content-Type:text/plain; charset=ISO-8859-1'\
--data-raw '{"name":"Ailee","job":"Singer"}'
[INFO ] 2024-02-11 04:58:22.240 RestReqFilter:52 - x-mm-correlation-id=null

[INFO ] 2024-02-11 04:58:22.766 RestReqFilter:46 - Response code: 201
Response Body:
{
    "id": "148",
    "createdAt": "2024-02-10T21:58:22.907Z"
}
You can use following cURL to reproduce the same request:
curl --location --request POST https://reqres.in/api/users \
--header 'Accept:*/*'\
--header 'Content-Type:text/plain; charset=ISO-8859-1'\
--data-raw '{"name":"Hung Dao","job":"Engineer"}'
[INFO ] 2024-02-11 04:58:22.766 RestReqFilter:52 - x-mm-correlation-id=null

[INFO ] 2024-02-11 04:58:23.362 RestReqFilter:46 - Response code: 201
Response Body:
{
    "id": "804",
    "createdAt": "2024-02-10T21:58:23.514Z"
}
You can use following cURL to reproduce the same request:
curl --location --request POST https://reqres.in/api/users \
--header 'Accept:*/*'\
--header 'Content-Type:text/plain; charset=ISO-8859-1'\
--data-raw '{"name":"Lynda Steuber","id":"4165167256","job":"Strategist"}'
[INFO ] 2024-02-11 04:58:23.363 RestReqFilter:52 - x-mm-correlation-id=null


[INFO ] 2024-02-11 05:02:00.152 RestReqFilter:46 
Response code: 201
Response Body:
{
    "id": "3",
    "createdAt": "2024-02-10T22:02:00.283Z"
}
You can use following cURL to reproduce the same request:
curl --location --request POST https://reqres.in/api/users \
--header 'Accept:*/*'\
--header 'Content-Type:text/plain; charset=ISO-8859-1'\
--data-raw '{
"name": "Nguyen Tuan",
"job": "Member",
}'

[INFO ] 2024-02-11 05:02:00.154 RestReqFilter:52 
x-mm-correlation-id=null


[INFO ] 2024-02-11 05:02:00.689 RestReqFilter:46 
Response code: 201
Response Body:
{
    "id": "194",
    "createdAt": "2024-02-10T22:02:00.819Z"
}
You can use following cURL to reproduce the same request:
curl --location --request POST https://reqres.in/api/users \
--header 'Accept:*/*'\
--header 'Content-Type:text/plain; charset=ISO-8859-1'\
--data-raw '{
        "name": Tran Tuan,
        "job": "Manager",
}'

[INFO ] 2024-02-11 05:02:00.690 RestReqFilter:52 
x-mm-correlation-id=null


[INFO ] 2024-02-11 05:02:01.415 RestReqFilter:46 
Response code: 201
Response Body:
{
    "id": "769",
    "createdAt": "2024-02-10T22:02:01.561Z"
}
You can use following cURL to reproduce the same request:
curl --location --request POST https://reqres.in/api/users \
--header 'Accept:*/*'\
--header 'Content-Type:text/plain; charset=ISO-8859-1'\
--data-raw '{"name":"Huynh Van Banh","job":"Developer"}'

[INFO ] 2024-02-11 05:02:01.416 RestReqFilter:52 
x-mm-correlation-id=null


[INFO ] 2024-02-11 05:02:02.057 RestReqFilter:46 
Response code: 201
Response Body:
{
    "id": "402",
    "createdAt": "2024-02-10T22:02:02.193Z"
}
You can use following cURL to reproduce the same request:
curl --location --request POST https://reqres.in/api/users \
--header 'Accept:*/*'\
--header 'Content-Type:text/plain; charset=ISO-8859-1'\
--data-raw '{"name":"Nguyen Ngoc Ngan","job":"Author"}'

[INFO ] 2024-02-11 05:02:02.058 RestReqFilter:52 
x-mm-correlation-id=null


[INFO ] 2024-02-11 05:02:02.599 RestReqFilter:46 
Response code: 201
Response Body:
{
    "id": "556",
    "createdAt": "2024-02-10T22:02:02.722Z"
}
You can use following cURL to reproduce the same request:
curl --location --request POST https://reqres.in/api/users \
--header 'Accept:*/*'\
--header 'Content-Type:text/plain; charset=ISO-8859-1'\
--data-raw '{"name":"Ho Ngoc Ha","job":"Singer"}'

[INFO ] 2024-02-11 05:02:02.599 RestReqFilter:52 
x-mm-correlation-id=null


[INFO ] 2024-02-11 05:02:03.148 RestReqFilter:46 
Response code: 201
Response Body:
{
    "id": "513",
    "createdAt": "2024-02-10T22:02:03.274Z"
}
You can use following cURL to reproduce the same request:
curl --location --request POST https://reqres.in/api/users \
--header 'Accept:*/*'\
--header 'Content-Type:text/plain; charset=ISO-8859-1'\
--data-raw '{"name":"Ailee","job":"Singer"}'

[INFO ] 2024-02-11 05:02:03.149 RestReqFilter:52 
x-mm-correlation-id=null


[INFO ] 2024-02-11 05:02:03.715 RestReqFilter:46 
Response code: 201
Response Body:
{
    "id": "805",
    "createdAt": "2024-02-10T22:02:03.828Z"
}
You can use following cURL to reproduce the same request:
curl --location --request POST https://reqres.in/api/users \
--header 'Accept:*/*'\
--header 'Content-Type:text/plain; charset=ISO-8859-1'\
--data-raw '{"name":"Hung Dao","job":"Engineer"}'

[INFO ] 2024-02-11 05:02:03.716 RestReqFilter:52 
x-mm-correlation-id=null


[INFO ] 2024-02-11 05:02:04.361 RestReqFilter:46 
Response code: 201
Response Body:
{
    "id": "127",
    "createdAt": "2024-02-10T22:02:04.487Z"
}
You can use following cURL to reproduce the same request:
curl --location --request POST https://reqres.in/api/users \
--header 'Accept:*/*'\
--header 'Content-Type:text/plain; charset=ISO-8859-1'\
--data-raw '{"name":"Reginald Muller","id":"3593516625","job":"Administrator"}'

[INFO ] 2024-02-11 05:02:04.362 RestReqFilter:52 
x-mm-correlation-id=null


[INFO ] 2024-02-11 05:05:22.169 RestReqFilter:46 
Response code: 201
Response Body:
{
    "id": "776",
    "createdAt": "2024-02-10T22:05:22.294Z"
}
You can use following cURL to reproduce the same request:
curl --location --request POST https://reqres.in/api/users \
--header 'Accept:*/*'\
--header 'Content-Type:text/plain; charset=ISO-8859-1'\
--data-raw '{
"name": "Nguyen Tuan",
"job": "Member",
}'

[INFO ] 2024-02-11 05:05:22.172 RestReqFilter:52 
x-mm-correlation-id=null


[INFO ] 2024-02-11 05:05:22.725 RestReqFilter:46 
Response code: 201
Response Body:
{
    "id": "614",
    "createdAt": "2024-02-10T22:05:22.839Z"
}
You can use following cURL to reproduce the same request:
curl --location --request POST https://reqres.in/api/users \
--header 'Accept:*/*'\
--header 'Content-Type:text/plain; charset=ISO-8859-1'\
--data-raw '{
        "name": Tran Tuan,
        "job": "Manager",
}'

[INFO ] 2024-02-11 05:05:22.726 RestReqFilter:52 
x-mm-correlation-id=null


[INFO ] 2024-02-11 05:05:23.427 RestReqFilter:46 
Response code: 201
Response Body:
{
    "id": "837",
    "createdAt": "2024-02-10T22:05:23.556Z"
}
You can use following cURL to reproduce the same request:
curl --location --request POST https://reqres.in/api/users \
--header 'Accept:*/*'\
--header 'Content-Type:text/plain; charset=ISO-8859-1'\
--data-raw '{"name":"Huynh Van Banh","job":"Developer"}'

[INFO ] 2024-02-11 05:05:23.428 RestReqFilter:52 
x-mm-correlation-id=null


[INFO ] 2024-02-11 05:05:24.071 RestReqFilter:46 
Response code: 201
Response Body:
{
    "id": "145",
    "createdAt": "2024-02-10T22:05:24.188Z"
}
You can use following cURL to reproduce the same request:
curl --location --request POST https://reqres.in/api/users \
--header 'Accept:*/*'\
--header 'Content-Type:text/plain; charset=ISO-8859-1'\
--data-raw '{"name":"Nguyen Ngoc Ngan","job":"Author"}'

[INFO ] 2024-02-11 05:05:24.072 RestReqFilter:52 
x-mm-correlation-id=null


[INFO ] 2024-02-11 05:05:24.584 RestReqFilter:46 
Response code: 201
Response Body:
{
    "id": "618",
    "createdAt": "2024-02-10T22:05:24.718Z"
}
You can use following cURL to reproduce the same request:
curl --location --request POST https://reqres.in/api/users \
--header 'Accept:*/*'\
--header 'Content-Type:text/plain; charset=ISO-8859-1'\
--data-raw '{"name":"Ho Ngoc Ha","job":"Singer"}'

[INFO ] 2024-02-11 05:05:24.584 RestReqFilter:52 
x-mm-correlation-id=null


[INFO ] 2024-02-11 05:05:25.080 RestReqFilter:46 
Response code: 201
Response Body:
{
    "id": "993",
    "createdAt": "2024-02-10T22:05:25.221Z"
}
You can use following cURL to reproduce the same request:
curl --location --request POST https://reqres.in/api/users \
--header 'Accept:*/*'\
--header 'Content-Type:text/plain; charset=ISO-8859-1'\
--data-raw '{"name":"Ailee","job":"Singer"}'

[INFO ] 2024-02-11 05:05:25.081 RestReqFilter:52 
x-mm-correlation-id=null


[INFO ] 2024-02-11 05:05:25.608 RestReqFilter:46 
Response code: 201
Response Body:
{
    "id": "489",
    "createdAt": "2024-02-10T22:05:25.736Z"
}
You can use following cURL to reproduce the same request:
curl --location --request POST https://reqres.in/api/users \
--header 'Accept:*/*'\
--header 'Content-Type:text/plain; charset=ISO-8859-1'\
--data-raw '{"name":"Hung Dao","job":"Engineer"}'

[INFO ] 2024-02-11 05:05:25.609 RestReqFilter:52 
x-mm-correlation-id=null


[INFO ] 2024-02-11 05:05:26.234 RestReqFilter:46 
Response code: 201
Response Body:
{
    "id": "667",
    "createdAt": "2024-02-10T22:05:26.361Z"
}
You can use following cURL to reproduce the same request:
curl --location --request POST https://reqres.in/api/users \
--header 'Accept:*/*'\
--header 'Content-Type:text/plain; charset=ISO-8859-1'\
--data-raw '{"name":"Scotty Stamm MD","id":"1668676036","job":"Coordinator"}'

[INFO ] 2024-02-11 05:05:26.234 RestReqFilter:52 
x-mm-correlation-id=null


[INFO ] 2024-02-11 05:05:26.779 RestReqFilter:46 
Response code: 201
Response Body:
{
    "id": "770",
    "createdAt": "2024-02-10T22:05:26.910Z"
}
You can use following cURL to reproduce the same request:
curl --location --request POST https://reqres.in/api/users \
--header 'Accept:*/*'\
--header 'Content-Type:text/plain; charset=ISO-8859-1'\
--data-raw '{"name":"Aubrey Jerde I","job":"Customer Healthcare Designer"}'

[INFO ] 2024-02-11 05:05:26.779 RestReqFilter:52 
x-mm-correlation-id=null


[INFO ] 2024-02-11 05:05:27.306 RestReqFilter:46 
Response code: 201
Response Body:
{
    "id": "642",
    "createdAt": "2024-02-10T22:05:27.434Z"
}
You can use following cURL to reproduce the same request:
curl --location --request POST https://reqres.in/api/users \
--header 'Accept:*/*'\
--header 'Content-Type:text/plain; charset=ISO-8859-1'\
--data-raw '{"name":"Ariane Wilderman III","job":"Senior Legal Developer"}'

[INFO ] 2024-02-11 05:05:27.306 RestReqFilter:52 
x-mm-correlation-id=null


[INFO ] 2024-02-11 05:06:09.460 RestReqFilter:46 
Response code: 201
Response Body:
{
    "id": "24",
    "createdAt": "2024-02-10T22:06:09.541Z"
}
You can use following cURL to reproduce the same request:
curl --location --request POST https://reqres.in/api/users \
--header 'Accept:*/*'\
--header 'Content-Type:text/plain; charset=ISO-8859-1'\
--data-raw '{"name":"Arlen Okuneva","job":"IT Technician"}'

[INFO ] 2024-02-11 05:06:09.464 RestReqFilter:52 
x-mm-correlation-id=null


[INFO ] 2024-02-11 05:06:54.851 RestReqFilter:46 
Response code: 201
Response Body:
{
    "id": "153",
    "createdAt": "2024-02-10T22:06:54.946Z"
}
You can use following cURL to reproduce the same request:
curl --location --request POST https://reqres.in/api/users \
--header 'Accept:*/*'\
--header 'Content-Type:text/plain; charset=ISO-8859-1'\
--data-raw '{"name":"Jake Davis","job":"Internal Manufacturing Associate"}'

[INFO ] 2024-02-11 05:06:54.854 RestReqFilter:52 
x-mm-correlation-id=null


[INFO ] 2024-02-11 06:49:01.012 RestReqFilter:46 
Response code: 201
Response Body:
{
    "id": "625",
    "createdAt": "2024-02-10T23:49:01.021Z"
}
You can use following cURL to reproduce the same request:
curl --location --request POST https://reqres.in/api/users \
--header 'Accept:*/*'\
--header 'Content-Type:text/plain; charset=ISO-8859-1'\
--data-raw '{"name":"Novella Feeney","job":"Dynamic Orchestrator"}'

[INFO ] 2024-02-11 06:49:01.015 RestReqFilter:52 
x-mm-correlation-id=null


[INFO ] 2024-02-11 06:50:02.542 RestReqFilter:46 
Response code: 201
Response Body:
{
    "id": "329",
    "createdAt": "2024-02-10T23:50:02.543Z"
}
You can use following cURL to reproduce the same request:
curl --location --request POST https://reqres.in/api/users \
--header 'Accept:*/*'\
--header 'Content-Type:text/plain; charset=ISO-8859-1'\
--data-raw '{"name":"Hellen Braun","job":"Consulting Strategist"}'

[INFO ] 2024-02-11 06:50:02.545 RestReqFilter:52 
x-mm-correlation-id=null


[INFO ] 2024-02-11 06:51:56.476 RestReqFilter:46 
Response code: 201
Response Body:
{
    "id": "562",
    "createdAt": "2024-02-10T23:51:56.461Z"
}
You can use following cURL to reproduce the same request:
curl --location --request POST https://reqres.in/api/users \
--header 'Accept:*/*'\
--header 'Content-Type:text/plain; charset=ISO-8859-1'\
--data-raw '{"name":"Ina Stoltenberg","job":"Regional Advertising Technician"}'

[INFO ] 2024-02-11 06:51:56.478 RestReqFilter:52 
x-mm-correlation-id=null


[INFO ] 2024-02-11 06:52:31.880 RestReqFilter:46 
Response code: 201
Response Body:
{
    "id": "815",
    "createdAt": "2024-02-10T23:52:31.885Z"
}
You can use following cURL to reproduce the same request:
curl --location --request POST https://reqres.in/api/users \
--header 'Accept:*/*'\
--header 'Content-Type:text/plain; charset=ISO-8859-1'\
--data-raw '{"name":"Erin Windler","job":"Education Producer"}'

[INFO ] 2024-02-11 06:52:31.883 RestReqFilter:52 
x-mm-correlation-id=null


[INFO ] 2024-02-11 06:58:20.046 RestReqFilter:46 
Response code: 201
Response Body:
{
    "id": "548",
    "createdAt": "2024-02-10T23:58:19.713Z"
}
You can use following cURL to reproduce the same request:
curl --location --request POST https://reqres.in/api/users \
--header 'Accept:*/*'\
--header 'Content-Type:text/plain; charset=ISO-8859-1'\
--data-raw '{"name":"Jonathan Crist","job":"Marketing Agent"}'

[INFO ] 2024-02-11 06:58:20.061 RestReqFilter:52 
x-mm-correlation-id=null


[INFO ] 2024-02-11 07:30:26.315 RestReqFilter:46 
Response code: 400
Response Body:
{
    "error": "Missing email or username"
}
You can use following cURL to reproduce the same request:
curl --location --request POST https://reqres.in/api/login \
--header 'Accept:*/*'\
--header 'Content-Type:text/plain; charset=ISO-8859-1'\
--data-raw '{"email":"eve.holt@reqres.in","password":"cityslicka"}'

[INFO ] 2024-02-11 07:30:26.318 RestReqFilter:52 
x-mm-correlation-id=null


[INFO ] 2024-02-11 07:30:27.287 RestReqFilter:46 
Response code: 400
Response Body:
{
    "error": "Missing email or username"
}
You can use following cURL to reproduce the same request:
curl --location --request POST https://reqres.in/api/login \
--header 'Accept:*/*'\
--header 'Content-Type:text/plain; charset=ISO-8859-1'\
--data-raw '{"email":"peter@klaven","password":""}'

[INFO ] 2024-02-11 07:30:27.287 RestReqFilter:52 
x-mm-correlation-id=null


[INFO ] 2024-02-11 07:38:40.720 RestReqFilter:46 
Response code: 400
Response Body:
{
    "error": "Missing email or username"
}
You can use following cURL to reproduce the same request:
curl --location --request POST https://reqres.in/api/login \
--header 'Accept:*/*'\
--header 'Content-Type:text/plain; charset=ISO-8859-1'\
--data-raw '{"email":"eve.holt@reqres.in","password":"cityslicka"}'

[INFO ] 2024-02-11 07:38:40.722 RestReqFilter:52 
x-mm-correlation-id=null


[INFO ] 2024-02-11 07:38:41.732 RestReqFilter:46 
Response code: 400
Response Body:
{
    "error": "Missing email or username"
}
You can use following cURL to reproduce the same request:
curl --location --request POST https://reqres.in/api/login \
--header 'Accept:*/*'\
--header 'Content-Type:text/plain; charset=ISO-8859-1'\
--data-raw '{"email":"peter@klaven","password":""}'

[INFO ] 2024-02-11 07:38:41.732 RestReqFilter:52 
x-mm-correlation-id=null


[INFO ] 2024-02-11 07:39:30.560 RestReqFilter:46 
Response code: 200
Response Body:
{
    "token": "QpwL5tke4Pnpja7X4"
}
You can use following cURL to reproduce the same request:
curl --location --request POST https://reqres.in/api/login \
--header 'Accept:application/json'\
--header 'Content-Type:application/json'\
--data-raw '{"email":"eve.holt@reqres.in","password":"cityslicka"}'

[INFO ] 2024-02-11 07:39:30.563 RestReqFilter:52 
x-mm-correlation-id=null


[INFO ] 2024-02-11 07:39:31.582 RestReqFilter:46 
Response code: 400
Response Body:
{
    "error": "Missing password"
}
You can use following cURL to reproduce the same request:
curl --location --request POST https://reqres.in/api/login \
--header 'Accept:application/json'\
--header 'Content-Type:application/json'\
--data-raw '{"email":"peter@klaven","password":""}'

[INFO ] 2024-02-11 07:39:31.582 RestReqFilter:52 
x-mm-correlation-id=null


[INFO ] 2024-02-11 07:57:58.635 RestReqFilter:46 
Response code: 200
Response Body:
{
    "token": "QpwL5tke4Pnpja7X4"
}
You can use following cURL to reproduce the same request:
curl --location --request POST https://reqres.in/api/login \
--header 'Accept:application/json'\
--header 'Content-Type:application/json'\
--data-raw '{"email":"eve.holt@reqres.in","password":"cityslicka"}'

[INFO ] 2024-02-11 07:57:58.638 RestReqFilter:52 
x-mm-correlation-id=null


[INFO ] 2024-02-11 07:57:59.680 RestReqFilter:46 
Response code: 400
Response Body:
{
    "error": "Missing password"
}
You can use following cURL to reproduce the same request:
curl --location --request POST https://reqres.in/api/login \
--header 'Accept:application/json'\
--header 'Content-Type:application/json'\
--data-raw '{"email":"peter@klaven","password":""}'

[INFO ] 2024-02-11 07:57:59.680 RestReqFilter:52 
x-mm-correlation-id=null


[INFO ] 2024-02-11 08:35:33.311 RestReqFilter:46 
Response code: 200
Response Body:
{
    "token": "QpwL5tke4Pnpja7X4"
}
You can use following cURL to reproduce the same request:
curl --location --request POST https://reqres.in/api/login \
--header 'Accept:application/json'\
--header 'Content-Type:application/json'\
--data-raw '{"email":"eve.holt@reqres.in","password":"cityslicka"}'

[INFO ] 2024-02-11 08:35:33.314 RestReqFilter:52 
x-mm-correlation-id=null


[INFO ] 2024-02-11 08:35:34.393 RestReqFilter:46 
Response code: 400
Response Body:
{
    "error": "Missing password"
}
You can use following cURL to reproduce the same request:
curl --location --request POST https://reqres.in/api/login \
--header 'Accept:application/json'\
--header 'Content-Type:application/json'\
--data-raw '{"email":"peter@klaven","password":""}'

[INFO ] 2024-02-11 08:35:34.393 RestReqFilter:52 
x-mm-correlation-id=null


[INFO ] 2024-02-11 08:35:34.936 RestReqFilter:46 
Response code: 200
Response Body:
{
    "token": "QpwL5tke4Pnpja7X4"
}
You can use following cURL to reproduce the same request:
curl --location --request POST https://reqres.in/api/login \
--header 'Accept:application/json'\
--header 'Content-Type:application/json'\
--data-raw '{"email":"eve.holt@reqres.in","password":"cityslicka"}'

[INFO ] 2024-02-11 08:35:34.937 RestReqFilter:52 
x-mm-correlation-id=null


[INFO ] 2024-02-11 08:35:35.484 RestReqFilter:46 
Response code: 400
Response Body:
{
    "error": "Missing password"
}
You can use following cURL to reproduce the same request:
curl --location --request POST https://reqres.in/api/login \
--header 'Accept:application/json'\
--header 'Content-Type:application/json'\
--data-raw '{"email":"peter@klaven","password":""}'

[INFO ] 2024-02-11 08:35:35.484 RestReqFilter:52 
x-mm-correlation-id=null


[INFO ] 2024-02-11 10:20:45.541 RestReqFilter:46 
Response code: 200
Response Body:
{
    "token": "QpwL5tke4Pnpja7X4"
}
You can use following cURL to reproduce the same request:
curl --location --request POST https://reqres.in/api/login \
--header 'Accept:application/json'\
--header 'Content-Type:application/json'\
--data-raw '{"email":"eve.holt@reqres.in","password":"cityslicka"}'

[INFO ] 2024-02-11 10:20:45.544 RestReqFilter:52 
x-mm-correlation-id=null


[INFO ] 2024-02-11 10:20:46.524 RestReqFilter:46 
Response code: 400
Response Body:
{
    "error": "Missing password"
}
You can use following cURL to reproduce the same request:
curl --location --request POST https://reqres.in/api/login \
--header 'Accept:application/json'\
--header 'Content-Type:application/json'\
--data-raw '{"email":"peter@klaven","password":""}'

[INFO ] 2024-02-11 10:20:46.524 RestReqFilter:52 
x-mm-correlation-id=null


[INFO ] 2024-02-11 10:20:47.050 RestReqFilter:46 
Response code: 200
Response Body:
{
    "token": "QpwL5tke4Pnpja7X4"
}
You can use following cURL to reproduce the same request:
curl --location --request POST https://reqres.in/api/login \
--header 'Accept:application/json'\
--header 'Content-Type:application/json'\
--data-raw '{"email":"eve.holt@reqres.in","password":"cityslicka"}'

[INFO ] 2024-02-11 10:20:47.051 RestReqFilter:52 
x-mm-correlation-id=null


[INFO ] 2024-02-11 10:20:47.583 RestReqFilter:46 
Response code: 400
Response Body:
{
    "error": "Missing password"
}
You can use following cURL to reproduce the same request:
curl --location --request POST https://reqres.in/api/login \
--header 'Accept:application/json'\
--header 'Content-Type:application/json'\
--data-raw '{"email":"peter@klaven","password":""}'

[INFO ] 2024-02-11 10:20:47.584 RestReqFilter:52 
x-mm-correlation-id=null


[INFO ] 2024-02-11 10:24:51.968 RestReqFilter:46 
Response code: 200
Response Body:
{
    "token": "QpwL5tke4Pnpja7X4"
}
You can use following cURL to reproduce the same request:
curl --location --request POST https://reqres.in/api/login \
--header 'Accept:application/json'\
--header 'Content-Type:application/json'\
--data-raw '{"email":"eve.holt@reqres.in","password":"cityslicka"}'

[INFO ] 2024-02-11 10:24:51.971 RestReqFilter:52 
x-mm-correlation-id=null


[INFO ] 2024-02-11 10:24:52.962 RestReqFilter:46 
Response code: 400
Response Body:
{
    "error": "Missing password"
}
You can use following cURL to reproduce the same request:
curl --location --request POST https://reqres.in/api/login \
--header 'Accept:application/json'\
--header 'Content-Type:application/json'\
--data-raw '{"email":"peter@klaven","password":""}'

[INFO ] 2024-02-11 10:24:52.962 RestReqFilter:52 
x-mm-correlation-id=null


[INFO ] 2024-02-11 10:24:53.504 RestReqFilter:46 
Response code: 200
Response Body:
{
    "token": "QpwL5tke4Pnpja7X4"
}
You can use following cURL to reproduce the same request:
curl --location --request POST https://reqres.in/api/login \
--header 'Accept:application/json'\
--header 'Content-Type:application/json'\
--data-raw '{"email":"eve.holt@reqres.in","password":"cityslicka"}'

[INFO ] 2024-02-11 10:24:53.504 RestReqFilter:52 
x-mm-correlation-id=null


[INFO ] 2024-02-11 10:24:54.041 RestReqFilter:46 
Response code: 400
Response Body:
{
    "error": "Missing password"
}
You can use following cURL to reproduce the same request:
curl --location --request POST https://reqres.in/api/login \
--header 'Accept:application/json'\
--header 'Content-Type:application/json'\
--data-raw '{"email":"peter@klaven","password":""}'

[INFO ] 2024-02-11 10:24:54.041 RestReqFilter:52 
x-mm-correlation-id=null


[INFO ] 2024-02-11 10:26:23.096 RestReqFilter:46 
Response code: 200
Response Body:
{
    "token": "QpwL5tke4Pnpja7X4"
}
You can use following cURL to reproduce the same request:
curl --location --request POST https://reqres.in/api/login \
--header 'Accept:application/json'\
--header 'Content-Type:application/json'\
--data-raw '{"email":"eve.holt@reqres.in","password":"cityslicka"}'

[INFO ] 2024-02-11 10:26:23.099 RestReqFilter:52 
x-mm-correlation-id=null


[INFO ] 2024-02-11 10:26:24.121 RestReqFilter:46 
Response code: 400
Response Body:
{
    "error": "Missing password"
}
You can use following cURL to reproduce the same request:
curl --location --request POST https://reqres.in/api/login \
--header 'Accept:application/json'\
--header 'Content-Type:application/json'\
--data-raw '{"email":"peter@klaven","password":""}'

[INFO ] 2024-02-11 10:26:24.121 RestReqFilter:52 
x-mm-correlation-id=null


[INFO ] 2024-02-11 10:26:24.694 RestReqFilter:46 
Response code: 200
Response Body:
{
    "token": "QpwL5tke4Pnpja7X4"
}
You can use following cURL to reproduce the same request:
curl --location --request POST https://reqres.in/api/login \
--header 'Accept:application/json'\
--header 'Content-Type:application/json'\
--data-raw '{"email":"eve.holt@reqres.in","password":"cityslicka"}'

[INFO ] 2024-02-11 10:26:24.694 RestReqFilter:52 
x-mm-correlation-id=null


[INFO ] 2024-02-11 10:26:25.234 RestReqFilter:46 
Response code: 400
Response Body:
{
    "error": "Missing password"
}
You can use following cURL to reproduce the same request:
curl --location --request POST https://reqres.in/api/login \
--header 'Accept:application/json'\
--header 'Content-Type:application/json'\
--data-raw '{"email":"peter@klaven","password":""}'

[INFO ] 2024-02-11 10:26:25.234 RestReqFilter:52 
x-mm-correlation-id=null


[INFO ] 2024-02-11 10:28:23.882 RestReqFilter:46 
Response code: 200
Response Body:
{
    "token": "QpwL5tke4Pnpja7X4"
}
You can use following cURL to reproduce the same request:
curl --location --request POST https://reqres.in/api/login \
--header 'Accept:application/json'\
--header 'Content-Type:application/json'\
--data-raw '{"email":"eve.holt@reqres.in","password":"cityslicka"}'

[INFO ] 2024-02-11 10:28:23.885 RestReqFilter:52 
x-mm-correlation-id=null


[INFO ] 2024-02-11 10:32:29.259 RestReqFilter:46 
Response code: 200
Response Body:
{
    "token": "QpwL5tke4Pnpja7X4"
}
You can use following cURL to reproduce the same request:
curl --location --request POST https://reqres.in/api/login \
--header 'Accept:application/json'\
--header 'Content-Type:application/json'\
--data-raw '{"email":"eve.holt@reqres.in","password":"cityslicka"}'

[INFO ] 2024-02-11 10:32:29.262 RestReqFilter:52 
x-mm-correlation-id=null


[INFO ] 2024-02-11 10:34:28.546 RestReqFilter:46 
Response code: 200
Response Body:
{
    "token": "QpwL5tke4Pnpja7X4"
}
You can use following cURL to reproduce the same request:
curl --location --request POST https://reqres.in/api/login \
--header 'Accept:application/json'\
--header 'Content-Type:application/json'\
--data-raw '{"email":"eve.holt@reqres.in","password":"cityslicka"}'

[INFO ] 2024-02-11 10:34:28.549 RestReqFilter:52 
x-mm-correlation-id=null


[INFO ] 2024-02-11 10:38:39.080 RestReqFilter:46 
Response code: 400
Response Body:
{
    "error": "Missing password"
}
You can use following cURL to reproduce the same request:
curl --location --request POST https://reqres.in/api/login \
--header 'Accept:application/json'\
--header 'Content-Type:application/json'\
--data-raw '{"email":"peter@klaven","password":""}'

[INFO ] 2024-02-11 10:38:39.081 RestReqFilter:52 
x-mm-correlation-id=null


[INFO ] 2024-02-11 10:39:58.785 RestReqFilter:46 
Response code: 200
Response Body:
{
    "token": "QpwL5tke4Pnpja7X4"
}
You can use following cURL to reproduce the same request:
curl --location --request POST https://reqres.in/api/login \
--header 'Accept:application/json'\
--header 'Content-Type:application/json'\
--data-raw '{"email":"eve.holt@reqres.in","password":"cityslicka"}'

[INFO ] 2024-02-11 10:39:58.787 RestReqFilter:52 
x-mm-correlation-id=null


[INFO ] 2024-02-11 10:40:08.481 RestReqFilter:46 
Response code: 400
Response Body:
{
    "error": "Missing password"
}
You can use following cURL to reproduce the same request:
curl --location --request POST https://reqres.in/api/login \
--header 'Accept:application/json'\
--header 'Content-Type:application/json'\
--data-raw '{"email":"peter@klaven","password":""}'

[INFO ] 2024-02-11 10:40:08.481 RestReqFilter:52 
x-mm-correlation-id=null


[INFO ] 2024-02-11 10:40:15.646 RestReqFilter:46 
Response code: 200
Response Body:
{
    "token": "QpwL5tke4Pnpja7X4"
}
You can use following cURL to reproduce the same request:
curl --location --request POST https://reqres.in/api/login \
--header 'Accept:application/json'\
--header 'Content-Type:application/json'\
--data-raw '{"email":"eve.holt@reqres.in","password":"cityslicka"}'

[INFO ] 2024-02-11 10:40:15.647 RestReqFilter:52 
x-mm-correlation-id=null


[INFO ] 2024-02-11 10:40:20.653 RestReqFilter:46 
Response code: 400
Response Body:
{
    "error": "Missing password"
}
You can use following cURL to reproduce the same request:
curl --location --request POST https://reqres.in/api/login \
--header 'Accept:application/json'\
--header 'Content-Type:application/json'\
--data-raw '{"email":"peter@klaven","password":""}'

[INFO ] 2024-02-11 10:40:20.654 RestReqFilter:52 
x-mm-correlation-id=null


[INFO ] 2024-02-11 10:58:25.760 RestReqFilter:46 
Response code: 200
Response Body:
{
    "token": "QpwL5tke4Pnpja7X4"
}
You can use following cURL to reproduce the same request:
curl --location --request POST https://reqres.in/api/login \
--header 'Accept:application/json'\
--header 'Content-Type:application/json'\
--data-raw '{"email":"eve.holt@reqres.in","password":"cityslicka"}'

[INFO ] 2024-02-11 10:58:25.763 RestReqFilter:52 
x-mm-correlation-id=null


[INFO ] 2024-02-11 10:58:26.750 RestReqFilter:46 
Response code: 400
Response Body:
{
    "error": "Missing password"
}
You can use following cURL to reproduce the same request:
curl --location --request POST https://reqres.in/api/login \
--header 'Accept:application/json'\
--header 'Content-Type:application/json'\
--data-raw '{"email":"peter@klaven","password":""}'

[INFO ] 2024-02-11 10:58:26.750 RestReqFilter:52 
x-mm-correlation-id=null


[INFO ] 2024-02-11 10:58:27.268 RestReqFilter:46 
Response code: 200
Response Body:
{
    "token": "QpwL5tke4Pnpja7X4"
}
You can use following cURL to reproduce the same request:
curl --location --request POST https://reqres.in/api/login \
--header 'Accept:application/json'\
--header 'Content-Type:application/json'\
--data-raw '{"email":"eve.holt@reqres.in","password":"cityslicka"}'

[INFO ] 2024-02-11 10:58:27.268 RestReqFilter:52 
x-mm-correlation-id=null


[INFO ] 2024-02-11 10:58:27.803 RestReqFilter:46 
Response code: 400
Response Body:
{
    "error": "Missing password"
}
You can use following cURL to reproduce the same request:
curl --location --request POST https://reqres.in/api/login \
--header 'Accept:application/json'\
--header 'Content-Type:application/json'\
--data-raw '{"email":"peter@klaven","password":""}'

[INFO ] 2024-02-11 10:58:27.803 RestReqFilter:52 
x-mm-correlation-id=null


[INFO ] 2024-02-11 11:01:26.585 RestReqFilter:46 
Response code: 200
Response Body:
{
    "token": "QpwL5tke4Pnpja7X4"
}
You can use following cURL to reproduce the same request:
curl --location --request POST https://reqres.in/api/login \
--header 'Accept:application/json'\
--header 'Content-Type:application/json'\
--data-raw '{"email":"eve.holt@reqres.in","password":"cityslicka"}'

[INFO ] 2024-02-11 11:01:26.587 RestReqFilter:52 
x-mm-correlation-id=null


[INFO ] 2024-02-11 11:01:27.598 RestReqFilter:46 
Response code: 400
Response Body:
{
    "error": "Missing password"
}
You can use following cURL to reproduce the same request:
curl --location --request POST https://reqres.in/api/login \
--header 'Accept:application/json'\
--header 'Content-Type:application/json'\
--data-raw '{"email":"peter@klaven","password":""}'

[INFO ] 2024-02-11 11:01:27.598 RestReqFilter:52 
x-mm-correlation-id=null


[INFO ] 2024-02-11 11:01:28.136 RestReqFilter:46 
Response code: 200
Response Body:
{
    "token": "QpwL5tke4Pnpja7X4"
}
You can use following cURL to reproduce the same request:
curl --location --request POST https://reqres.in/api/login \
--header 'Accept:application/json'\
--header 'Content-Type:application/json'\
--data-raw '{"email":"eve.holt@reqres.in","password":"cityslicka"}'

[INFO ] 2024-02-11 11:01:28.136 RestReqFilter:52 
x-mm-correlation-id=null


[INFO ] 2024-02-11 11:01:28.666 RestReqFilter:46 
Response code: 400
Response Body:
{
    "error": "Missing password"
}
You can use following cURL to reproduce the same request:
curl --location --request POST https://reqres.in/api/login \
--header 'Accept:application/json'\
--header 'Content-Type:application/json'\
--data-raw '{"email":"peter@klaven","password":""}'

[INFO ] 2024-02-11 11:01:28.668 RestReqFilter:52 
x-mm-correlation-id=null


[INFO ] 2024-02-11 11:04:40.770 RestReqFilter:46 
Response code: 200
Response Body:
{
    "token": "QpwL5tke4Pnpja7X4"
}
You can use following cURL to reproduce the same request:
curl --location --request POST https://reqres.in/api/login \
--header 'Accept:application/json'\
--header 'Content-Type:application/json'\
--data-raw '{"email":"eve.holt@reqres.in","password":"cityslicka"}'

[INFO ] 2024-02-11 11:04:40.772 RestReqFilter:52 
x-mm-correlation-id=null


[INFO ] 2024-02-11 11:04:41.733 RestReqFilter:46 
Response code: 400
Response Body:
{
    "error": "Missing password"
}
You can use following cURL to reproduce the same request:
curl --location --request POST https://reqres.in/api/login \
--header 'Accept:application/json'\
--header 'Content-Type:application/json'\
--data-raw '{"email":"peter@klaven","password":""}'

[INFO ] 2024-02-11 11:04:41.733 RestReqFilter:52 
x-mm-correlation-id=null


[INFO ] 2024-02-11 11:04:42.289 RestReqFilter:46 
Response code: 200
Response Body:
{
    "token": "QpwL5tke4Pnpja7X4"
}
You can use following cURL to reproduce the same request:
curl --location --request POST https://reqres.in/api/login \
--header 'Accept:application/json'\
--header 'Content-Type:application/json'\
--data-raw '{"email":"eve.holt@reqres.in","password":"cityslicka"}'

[INFO ] 2024-02-11 11:04:42.289 RestReqFilter:52 
x-mm-correlation-id=null


[INFO ] 2024-02-11 11:04:42.849 RestReqFilter:46 
Response code: 400
Response Body:
{
    "error": "Missing password"
}
You can use following cURL to reproduce the same request:
curl --location --request POST https://reqres.in/api/login \
--header 'Accept:application/json'\
--header 'Content-Type:application/json'\
--data-raw '{"email":"peter@klaven","password":""}'

[INFO ] 2024-02-11 11:04:42.850 RestReqFilter:52 
x-mm-correlation-id=null


[INFO ] 2024-02-11 11:05:31.978 RestReqFilter:46 
Response code: 200
Response Body:
{
    "token": "QpwL5tke4Pnpja7X4"
}
You can use following cURL to reproduce the same request:
curl --location --request POST https://reqres.in/api/login \
--header 'Accept:application/json'\
--header 'Content-Type:application/json'\
--data-raw '{"email":"eve.holt@reqres.in","password":"cityslicka"}'

[INFO ] 2024-02-11 11:05:31.982 RestReqFilter:52 
x-mm-correlation-id=null


[INFO ] 2024-02-11 11:05:32.626 RestReqFilter:46 
Response code: 200
Response Body:
{
    "token": "QpwL5tke4Pnpja7X4"
}
You can use following cURL to reproduce the same request:
curl --location --request POST https://reqres.in/api/login \
--header 'Accept:application/json'\
--header 'Content-Type:application/json'\
--data-raw '{"email":"eve.holt@reqres.in","password":"cityslicka"}'

[INFO ] 2024-02-11 11:05:32.626 RestReqFilter:52 
x-mm-correlation-id=null


[INFO ] 2024-02-11 11:07:30.192 RestReqFilter:46 
Response code: 200
Response Body:
{
    "token": "QpwL5tke4Pnpja7X4"
}
You can use following cURL to reproduce the same request:
curl --location --request POST https://reqres.in/api/login \
--header 'Accept:application/json'\
--header 'Content-Type:application/json'\
--data-raw '{"email":"eve.holt@reqres.in","password":"cityslicka"}'

[INFO ] 2024-02-11 11:07:30.195 RestReqFilter:52 
x-mm-correlation-id=null


[INFO ] 2024-02-11 11:07:30.841 RestReqFilter:46 
Response code: 200
Response Body:
{
    "token": "QpwL5tke4Pnpja7X4"
}
You can use following cURL to reproduce the same request:
curl --location --request POST https://reqres.in/api/login \
--header 'Accept:application/json'\
--header 'Content-Type:application/json'\
--data-raw '{"email":"eve.holt@reqres.in","password":"cityslicka"}'

[INFO ] 2024-02-11 11:07:30.841 RestReqFilter:52 
x-mm-correlation-id=null


[INFO ] 2024-02-11 11:08:45.914 RestReqFilter:46 
Response code: 200
Response Body:
{
    "token": "QpwL5tke4Pnpja7X4"
}
You can use following cURL to reproduce the same request:
curl --location --request POST https://reqres.in/api/login \
--header 'Accept:application/json'\
--header 'Content-Type:application/json'\
--data-raw '{"email":"eve.holt@reqres.in","password":"cityslicka"}'

[INFO ] 2024-02-11 11:08:45.918 RestReqFilter:52 
x-mm-correlation-id=null


[INFO ] 2024-02-11 11:08:46.549 RestReqFilter:46 
Response code: 200
Response Body:
{
    "token": "QpwL5tke4Pnpja7X4"
}
You can use following cURL to reproduce the same request:
curl --location --request POST https://reqres.in/api/login \
--header 'Accept:application/json'\
--header 'Content-Type:application/json'\
--data-raw '{"email":"eve.holt@reqres.in","password":"cityslicka"}'

[INFO ] 2024-02-11 11:08:46.550 RestReqFilter:52 
x-mm-correlation-id=null


[INFO ] 2024-02-11 11:10:18.714 RestReqFilter:46 
Response code: 200
Response Body:
{
    "token": "QpwL5tke4Pnpja7X4"
}
You can use following cURL to reproduce the same request:
curl --location --request POST https://reqres.in/api/login \
--header 'Accept:application/json'\
--header 'Content-Type:application/json'\
--data-raw '{"email":"eve.holt@reqres.in","password":"cityslicka"}'

[INFO ] 2024-02-11 11:10:18.717 RestReqFilter:52 
x-mm-correlation-id=null


[INFO ] 2024-02-11 11:10:19.681 RestReqFilter:46 
Response code: 400
Response Body:
{
    "error": "Missing password"
}
You can use following cURL to reproduce the same request:
curl --location --request POST https://reqres.in/api/login \
--header 'Accept:application/json'\
--header 'Content-Type:application/json'\
--data-raw '{"email":"peter@klaven","password":""}'

[INFO ] 2024-02-11 11:10:19.681 RestReqFilter:52 
x-mm-correlation-id=null


[INFO ] 2024-02-11 11:10:20.247 RestReqFilter:46 
Response code: 200
Response Body:
{
    "token": "QpwL5tke4Pnpja7X4"
}
You can use following cURL to reproduce the same request:
curl --location --request POST https://reqres.in/api/login \
--header 'Accept:application/json'\
--header 'Content-Type:application/json'\
--data-raw '{"email":"eve.holt@reqres.in","password":"cityslicka"}'

[INFO ] 2024-02-11 11:10:20.247 RestReqFilter:52 
x-mm-correlation-id=null


[INFO ] 2024-02-11 11:10:20.766 RestReqFilter:46 
Response code: 400
Response Body:
{
    "error": "Missing password"
}
You can use following cURL to reproduce the same request:
curl --location --request POST https://reqres.in/api/login \
--header 'Accept:application/json'\
--header 'Content-Type:application/json'\
--data-raw '{"email":"peter@klaven","password":""}'

[INFO ] 2024-02-11 11:10:20.766 RestReqFilter:52 
x-mm-correlation-id=null


[INFO ] 2024-02-11 11:14:06.395 RestReqFilter:46 
Response code: 200
Response Body:
{
    "token": "QpwL5tke4Pnpja7X4"
}
You can use following cURL to reproduce the same request:
curl --location --request POST https://reqres.in/api/login \
--header 'Accept:application/json'\
--header 'Content-Type:application/json'\
--data-raw '{"email":"eve.holt@reqres.in","password":"cityslicka"}'

[INFO ] 2024-02-11 11:14:06.398 RestReqFilter:52 
x-mm-correlation-id=null


[INFO ] 2024-02-11 11:14:07.375 RestReqFilter:46 
Response code: 400
Response Body:
{
    "error": "Missing password"
}
You can use following cURL to reproduce the same request:
curl --location --request POST https://reqres.in/api/login \
--header 'Accept:application/json'\
--header 'Content-Type:application/json'\
--data-raw '{"email":"peter@klaven","password":""}'

[INFO ] 2024-02-11 11:14:07.375 RestReqFilter:52 
x-mm-correlation-id=null


[INFO ] 2024-02-11 11:14:07.941 RestReqFilter:46 
Response code: 200
Response Body:
{
    "token": "QpwL5tke4Pnpja7X4"
}
You can use following cURL to reproduce the same request:
curl --location --request POST https://reqres.in/api/login \
--header 'Accept:application/json'\
--header 'Content-Type:application/json'\
--data-raw '{"email":"eve.holt@reqres.in","password":"cityslicka"}'

[INFO ] 2024-02-11 11:14:07.942 RestReqFilter:52 
x-mm-correlation-id=null


[INFO ] 2024-02-11 11:14:08.468 RestReqFilter:46 
Response code: 400
Response Body:
{
    "error": "Missing password"
}
You can use following cURL to reproduce the same request:
curl --location --request POST https://reqres.in/api/login \
--header 'Accept:application/json'\
--header 'Content-Type:application/json'\
--data-raw '{"email":"peter@klaven","password":""}'

[INFO ] 2024-02-11 11:14:08.469 RestReqFilter:52 
x-mm-correlation-id=null


[INFO ] 2024-02-11 11:20:42.163 RestReqFilter:46 
Response code: 200
Response Body:
{
    "token": "QpwL5tke4Pnpja7X4"
}
You can use following cURL to reproduce the same request:
curl --location --request POST https://reqres.in/api/login \
--header 'Accept:application/json'\
--header 'Content-Type:application/json'\
--data-raw '{"email":"eve.holt@reqres.in","password":"cityslicka"}'

[INFO ] 2024-02-11 11:20:42.165 RestReqFilter:52 
x-mm-correlation-id=null


[INFO ] 2024-02-11 11:20:43.155 RestReqFilter:46 
Response code: 400
Response Body:
{
    "error": "Missing password"
}
You can use following cURL to reproduce the same request:
curl --location --request POST https://reqres.in/api/login \
--header 'Accept:application/json'\
--header 'Content-Type:application/json'\
--data-raw '{"email":"peter@klaven","password":""}'

[INFO ] 2024-02-11 11:20:43.155 RestReqFilter:52 
x-mm-correlation-id=null


[INFO ] 2024-02-11 11:20:43.688 RestReqFilter:46 
Response code: 200
Response Body:
{
    "token": "QpwL5tke4Pnpja7X4"
}
You can use following cURL to reproduce the same request:
curl --location --request POST https://reqres.in/api/login \
--header 'Accept:application/json'\
--header 'Content-Type:application/json'\
--data-raw '{"email":"eve.holt@reqres.in","password":"cityslicka"}'

[INFO ] 2024-02-11 11:20:43.688 RestReqFilter:52 
x-mm-correlation-id=null


[INFO ] 2024-02-11 11:20:44.211 RestReqFilter:46 
Response code: 400
Response Body:
{
    "error": "Missing password"
}
You can use following cURL to reproduce the same request:
curl --location --request POST https://reqres.in/api/login \
--header 'Accept:application/json'\
--header 'Content-Type:application/json'\
--data-raw '{"email":"peter@klaven","password":""}'

[INFO ] 2024-02-11 11:20:44.211 RestReqFilter:52 
x-mm-correlation-id=null


[INFO ] 2024-02-11 11:26:48.957 RestReqFilter:46 
Response code: 200
Response Body:
{
    "token": "QpwL5tke4Pnpja7X4"
}
You can use following cURL to reproduce the same request:
curl --location --request POST https://reqres.in/api/login \
--header 'Accept:application/json'\
--header 'Content-Type:application/json'\
--data-raw '{"email":"eve.holt@reqres.in","password":"cityslicka"}'

[INFO ] 2024-02-11 11:26:48.960 RestReqFilter:52 
x-mm-correlation-id=null


[INFO ] 2024-02-11 11:26:49.904 RestReqFilter:46 
Response code: 400
Response Body:
{
    "error": "Missing password"
}
You can use following cURL to reproduce the same request:
curl --location --request POST https://reqres.in/api/login \
--header 'Accept:application/json'\
--header 'Content-Type:application/json'\
--data-raw '{"email":"peter@klaven","password":""}'

[INFO ] 2024-02-11 11:26:49.905 RestReqFilter:52 
x-mm-correlation-id=null


[INFO ] 2024-02-11 11:26:50.446 RestReqFilter:46 
Response code: 200
Response Body:
{
    "token": "QpwL5tke4Pnpja7X4"
}
You can use following cURL to reproduce the same request:
curl --location --request POST https://reqres.in/api/login \
--header 'Accept:application/json'\
--header 'Content-Type:application/json'\
--data-raw '{"email":"eve.holt@reqres.in","password":"cityslicka"}'

[INFO ] 2024-02-11 11:26:50.447 RestReqFilter:52 
x-mm-correlation-id=null


[INFO ] 2024-02-11 11:26:50.974 RestReqFilter:46 
Response code: 400
Response Body:
{
    "error": "Missing password"
}
You can use following cURL to reproduce the same request:
curl --location --request POST https://reqres.in/api/login \
--header 'Accept:application/json'\
--header 'Content-Type:application/json'\
--data-raw '{"email":"peter@klaven","password":""}'

[INFO ] 2024-02-11 11:26:50.975 RestReqFilter:52 
x-mm-correlation-id=null


[INFO ] 2024-02-11 11:29:34.046 RestReqFilter:46 
Response code: 200
Response Body:
{
    "token": "QpwL5tke4Pnpja7X4"
}
You can use following cURL to reproduce the same request:
curl --location --request POST https://reqres.in/api/login \
--header 'Accept:application/json'\
--header 'Content-Type:application/json'\
--data-raw '{"email":"eve.holt@reqres.in","password":"cityslicka"}'

[INFO ] 2024-02-11 11:29:34.049 RestReqFilter:52 
x-mm-correlation-id=null


[INFO ] 2024-02-11 11:29:34.967 RestReqFilter:46 
Response code: 400
Response Body:
{
    "error": "Missing password"
}
You can use following cURL to reproduce the same request:
curl --location --request POST https://reqres.in/api/login \
--header 'Accept:application/json'\
--header 'Content-Type:application/json'\
--data-raw '{"email":"peter@klaven","password":""}'

[INFO ] 2024-02-11 11:29:34.967 RestReqFilter:52 
x-mm-correlation-id=null


[INFO ] 2024-02-11 11:29:35.504 RestReqFilter:46 
Response code: 200
Response Body:
{
    "token": "QpwL5tke4Pnpja7X4"
}
You can use following cURL to reproduce the same request:
curl --location --request POST https://reqres.in/api/login \
--header 'Accept:application/json'\
--header 'Content-Type:application/json'\
--data-raw '{"email":"eve.holt@reqres.in","password":"cityslicka"}'

[INFO ] 2024-02-11 11:29:35.505 RestReqFilter:52 
x-mm-correlation-id=null


[INFO ] 2024-02-11 11:29:36.013 RestReqFilter:46 
Response code: 400
Response Body:
{
    "error": "Missing password"
}
You can use following cURL to reproduce the same request:
curl --location --request POST https://reqres.in/api/login \
--header 'Accept:application/json'\
--header 'Content-Type:application/json'\
--data-raw '{"email":"peter@klaven","password":""}'

[INFO ] 2024-02-11 11:29:36.013 RestReqFilter:52 
x-mm-correlation-id=null


[INFO ] 2024-02-11 11:32:44.122 RestReqFilter:46 
Response code: 200
Response Body:
{
    "token": "QpwL5tke4Pnpja7X4"
}
You can use following cURL to reproduce the same request:
curl --location --request POST https://reqres.in/api/login \
--header 'Accept:application/json'\
--header 'Content-Type:application/json'\
--data-raw '{"email":"eve.holt@reqres.in","password":"cityslicka"}'

[INFO ] 2024-02-11 11:32:44.125 RestReqFilter:52 
x-mm-correlation-id=null


[INFO ] 2024-02-11 11:32:45.088 RestReqFilter:46 
Response code: 400
Response Body:
{
    "error": "Missing password"
}
You can use following cURL to reproduce the same request:
curl --location --request POST https://reqres.in/api/login \
--header 'Accept:application/json'\
--header 'Content-Type:application/json'\
--data-raw '{"email":"peter@klaven","password":""}'

[INFO ] 2024-02-11 11:32:45.089 RestReqFilter:52 
x-mm-correlation-id=null


[INFO ] 2024-02-11 11:32:45.603 RestReqFilter:46 
Response code: 200
Response Body:
{
    "token": "QpwL5tke4Pnpja7X4"
}
You can use following cURL to reproduce the same request:
curl --location --request POST https://reqres.in/api/login \
--header 'Accept:application/json'\
--header 'Content-Type:application/json'\
--data-raw '{"email":"eve.holt@reqres.in","password":"cityslicka"}'

[INFO ] 2024-02-11 11:32:45.603 RestReqFilter:52 
x-mm-correlation-id=null


[INFO ] 2024-02-11 11:32:46.133 RestReqFilter:46 
Response code: 400
Response Body:
{
    "error": "Missing password"
}
You can use following cURL to reproduce the same request:
curl --location --request POST https://reqres.in/api/login \
--header 'Accept:application/json'\
--header 'Content-Type:application/json'\
--data-raw '{"email":"peter@klaven","password":""}'

[INFO ] 2024-02-11 11:32:46.134 RestReqFilter:52 
x-mm-correlation-id=null


[INFO ] 2024-02-11 12:18:25.221 RestReqFilter:46 
Response code: 200
Response Body:
{
    "token": "QpwL5tke4Pnpja7X4"
}
You can use following cURL to reproduce the same request:
curl --location --request POST https://reqres.in/api/login \
--header 'Accept:application/json'\
--header 'Content-Type:application/json'\
--data-raw '{"email":"eve.holt@reqres.in","password":"cityslicka"}'

[INFO ] 2024-02-11 12:18:25.224 RestReqFilter:52 
x-mm-correlation-id=null


[INFO ] 2024-02-11 12:18:26.206 RestReqFilter:46 
Response code: 400
Response Body:
{
    "error": "Missing password"
}
You can use following cURL to reproduce the same request:
curl --location --request POST https://reqres.in/api/login \
--header 'Accept:application/json'\
--header 'Content-Type:application/json'\
--data-raw '{"email":"peter@klaven","password":""}'

[INFO ] 2024-02-11 12:18:26.207 RestReqFilter:52 
x-mm-correlation-id=null


[INFO ] 2024-02-11 12:18:26.740 RestReqFilter:46 
Response code: 200
Response Body:
{
    "token": "QpwL5tke4Pnpja7X4"
}
You can use following cURL to reproduce the same request:
curl --location --request POST https://reqres.in/api/login \
--header 'Accept:application/json'\
--header 'Content-Type:application/json'\
--data-raw '{"email":"eve.holt@reqres.in","password":"cityslicka"}'

[INFO ] 2024-02-11 12:18:26.740 RestReqFilter:52 
x-mm-correlation-id=null


[INFO ] 2024-02-11 12:18:27.281 RestReqFilter:46 
Response code: 400
Response Body:
{
    "error": "Missing password"
}
You can use following cURL to reproduce the same request:
curl --location --request POST https://reqres.in/api/login \
--header 'Accept:application/json'\
--header 'Content-Type:application/json'\
--data-raw '{"email":"peter@klaven","password":""}'

[INFO ] 2024-02-11 12:18:27.281 RestReqFilter:52 
x-mm-correlation-id=null


[INFO ] 2024-02-11 12:19:58.707 RestReqFilter:46 
Response code: 200
Response Body:
{
    "token": "QpwL5tke4Pnpja7X4"
}
You can use following cURL to reproduce the same request:
curl --location --request POST https://reqres.in/api/login \
--header 'Accept:application/json'\
--header 'Content-Type:application/json'\
--data-raw '{"email":"eve.holt@reqres.in","password":"cityslicka"}'

[INFO ] 2024-02-11 12:19:58.709 RestReqFilter:52 
x-mm-correlation-id=null


[INFO ] 2024-02-11 12:19:59.698 RestReqFilter:46 
Response code: 400
Response Body:
{
    "error": "Missing password"
}
You can use following cURL to reproduce the same request:
curl --location --request POST https://reqres.in/api/login \
--header 'Accept:application/json'\
--header 'Content-Type:application/json'\
--data-raw '{"email":"peter@klaven","password":""}'

[INFO ] 2024-02-11 12:19:59.698 RestReqFilter:52 
x-mm-correlation-id=null


[INFO ] 2024-02-11 12:20:00.227 RestReqFilter:46 
Response code: 200
Response Body:
{
    "token": "QpwL5tke4Pnpja7X4"
}
You can use following cURL to reproduce the same request:
curl --location --request POST https://reqres.in/api/login \
--header 'Accept:application/json'\
--header 'Content-Type:application/json'\
--data-raw '{"email":"eve.holt@reqres.in","password":"cityslicka"}'

[INFO ] 2024-02-11 12:20:00.227 RestReqFilter:52 
x-mm-correlation-id=null


[INFO ] 2024-02-11 12:20:00.737 RestReqFilter:46 
Response code: 400
Response Body:
{
    "error": "Missing password"
}
You can use following cURL to reproduce the same request:
curl --location --request POST https://reqres.in/api/login \
--header 'Accept:application/json'\
--header 'Content-Type:application/json'\
--data-raw '{"email":"peter@klaven","password":""}'

[INFO ] 2024-02-11 12:20:00.737 RestReqFilter:52 
x-mm-correlation-id=null


[INFO ] 2024-02-11 12:32:17.476 RestReqFilter:46 
Response code: 200
Response Body:
{
    "token": "QpwL5tke4Pnpja7X4"
}
You can use following cURL to reproduce the same request:
curl --location --request POST https://reqres.in/api/login \
--header 'Accept:application/json'\
--header 'Content-Type:application/json'\
--data-raw '{"email":"eve.holt@reqres.in","password":"cityslicka"}'

[INFO ] 2024-02-11 12:32:17.479 RestReqFilter:52 
x-mm-correlation-id=null


[INFO ] 2024-02-11 12:32:18.438 RestReqFilter:46 
Response code: 200
Response Body:
{
    "token": "QpwL5tke4Pnpja7X4"
}
You can use following cURL to reproduce the same request:
curl --location --request POST https://reqres.in/api/login \
--header 'Accept:application/json'\
--header 'Content-Type:application/json'\
--data-raw '{"email":"eve.holt@reqres.in","password":"cityslicka"}'

[INFO ] 2024-02-11 12:32:18.438 RestReqFilter:52 
x-mm-correlation-id=null


[INFO ] 2024-02-11 12:34:24.540 RestReqFilter:46 
Response code: 200
Response Body:
{
    "token": "QpwL5tke4Pnpja7X4"
}
You can use following cURL to reproduce the same request:
curl --location --request POST https://reqres.in/api/login \
--header 'Accept:application/json'\
--header 'Content-Type:application/json'\
--data-raw '{"email":"eve.holt@reqres.in","password":"cityslicka"}'

[INFO ] 2024-02-11 12:34:24.543 RestReqFilter:52 
x-mm-correlation-id=null


[INFO ] 2024-02-11 12:34:25.511 RestReqFilter:46 
Response code: 400
Response Body:
{
    "error": "Missing password"
}
You can use following cURL to reproduce the same request:
curl --location --request POST https://reqres.in/api/login \
--header 'Accept:application/json'\
--header 'Content-Type:application/json'\
--data-raw '{"email":"peter@klaven","password":""}'

[INFO ] 2024-02-11 12:34:25.511 RestReqFilter:52 
x-mm-correlation-id=null


[INFO ] 2024-02-11 12:34:26.052 RestReqFilter:46 
Response code: 200
Response Body:
{
    "token": "QpwL5tke4Pnpja7X4"
}
You can use following cURL to reproduce the same request:
curl --location --request POST https://reqres.in/api/login \
--header 'Accept:application/json'\
--header 'Content-Type:application/json'\
--data-raw '{"email":"eve.holt@reqres.in","password":"cityslicka"}'

[INFO ] 2024-02-11 12:34:26.052 RestReqFilter:52 
x-mm-correlation-id=null


[INFO ] 2024-02-11 12:34:26.580 RestReqFilter:46 
Response code: 400
Response Body:
{
    "error": "Missing password"
}
You can use following cURL to reproduce the same request:
curl --location --request POST https://reqres.in/api/login \
--header 'Accept:application/json'\
--header 'Content-Type:application/json'\
--data-raw '{"email":"peter@klaven","password":""}'

[INFO ] 2024-02-11 12:34:26.581 RestReqFilter:52 
x-mm-correlation-id=null


[INFO ] 2024-02-11 12:42:04.542 RestReqFilter:46 
Response code: 200
Response Body:
{
    "token": "QpwL5tke4Pnpja7X4"
}
You can use following cURL to reproduce the same request:
curl --location --request POST https://reqres.in/api/login \
--header 'Accept:application/json'\
--header 'Content-Type:application/json'\
--data-raw '{"email":"eve.holt@reqres.in","password":"cityslicka"}'

[INFO ] 2024-02-11 12:42:04.545 RestReqFilter:52 
x-mm-correlation-id=null


[INFO ] 2024-02-11 12:47:14.878 RestReqFilter:46 
Response code: 200
Response Body:
{
    "token": "QpwL5tke4Pnpja7X4"
}
You can use following cURL to reproduce the same request:
curl --location --request POST https://reqres.in/api/login \
--header 'Accept:application/json'\
--header 'Content-Type:application/json'\
--data-raw '{"email":"eve.holt@reqres.in","password":"cityslicka"}'

[INFO ] 2024-02-11 12:47:14.881 RestReqFilter:52 
x-mm-correlation-id=null


[INFO ] 2024-02-11 12:50:42.634 RestReqFilter:46 
Response code: 200
Response Body:
{
    "token": "QpwL5tke4Pnpja7X4"
}
You can use following cURL to reproduce the same request:
curl --location --request POST https://reqres.in/api/login \
--header 'Accept:application/json'\
--header 'Content-Type:application/json'\
--data-raw '{"email":"eve.holt@reqres.in","password":"cityslicka"}'

[INFO ] 2024-02-11 12:50:42.637 RestReqFilter:52 
x-mm-correlation-id=null


[INFO ] 2024-02-11 12:50:43.621 RestReqFilter:46 
Response code: 200
Response Body:
{
    "token": "QpwL5tke4Pnpja7X4"
}
You can use following cURL to reproduce the same request:
curl --location --request POST https://reqres.in/api/login \
--header 'Accept:application/json'\
--header 'Content-Type:application/json'\
--data-raw '{"email":"eve.holt@reqres.in","password":"cityslicka"}'

[INFO ] 2024-02-11 12:50:43.621 RestReqFilter:52 
x-mm-correlation-id=null


[INFO ] 2024-02-11 12:51:51.914 RestReqFilter:46 
Response code: 200
Response Body:
{
    "token": "QpwL5tke4Pnpja7X4"
}
You can use following cURL to reproduce the same request:
curl --location --request POST https://reqres.in/api/login \
--header 'Accept:application/json'\
--header 'Content-Type:application/json'\
--data-raw '{"email":"eve.holt@reqres.in","password":"cityslicka"}'

[INFO ] 2024-02-11 12:51:51.918 RestReqFilter:52 
x-mm-correlation-id=null


[INFO ] 2024-02-11 12:51:52.893 RestReqFilter:46 
Response code: 400
Response Body:
{
    "error": "Missing password"
}
You can use following cURL to reproduce the same request:
curl --location --request POST https://reqres.in/api/login \
--header 'Accept:application/json'\
--header 'Content-Type:application/json'\
--data-raw '{"email":"peter@klaven","password":""}'

[INFO ] 2024-02-11 12:51:52.893 RestReqFilter:52 
x-mm-correlation-id=null


[INFO ] 2024-02-11 12:51:53.461 RestReqFilter:46 
Response code: 200
Response Body:
{
    "token": "QpwL5tke4Pnpja7X4"
}
You can use following cURL to reproduce the same request:
curl --location --request POST https://reqres.in/api/login \
--header 'Accept:application/json'\
--header 'Content-Type:application/json'\
--data-raw '{"email":"eve.holt@reqres.in","password":"cityslicka"}'

[INFO ] 2024-02-11 12:51:53.461 RestReqFilter:52 
x-mm-correlation-id=null


[INFO ] 2024-02-11 12:51:53.994 RestReqFilter:46 
Response code: 400
Response Body:
{
    "error": "Missing password"
}
You can use following cURL to reproduce the same request:
curl --location --request POST https://reqres.in/api/login \
--header 'Accept:application/json'\
--header 'Content-Type:application/json'\
--data-raw '{"email":"peter@klaven","password":""}'

[INFO ] 2024-02-11 12:51:53.994 RestReqFilter:52 
x-mm-correlation-id=null


[INFO ] 2024-02-11 12:58:14.026 RestReqFilter:46 
Response code: 200
Response Body:
{
    "token": "QpwL5tke4Pnpja7X4"
}
You can use following cURL to reproduce the same request:
curl --location --request POST https://reqres.in/api/login \
--header 'Accept:application/json'\
--header 'Content-Type:application/json'\
--data-raw '{"email":"eve.holt@reqres.in","password":"cityslicka"}'

[INFO ] 2024-02-11 12:58:14.029 RestReqFilter:52 
x-mm-correlation-id=null


[INFO ] 2024-02-11 12:58:15.143 RestReqFilter:46 
Response code: 400
Response Body:
{
    "error": "Missing password"
}
You can use following cURL to reproduce the same request:
curl --location --request POST https://reqres.in/api/login \
--header 'Accept:application/json'\
--header 'Content-Type:application/json'\
--data-raw '{"email":"peter@klaven","password":""}'

[INFO ] 2024-02-11 12:58:15.143 RestReqFilter:52 
x-mm-correlation-id=null


[INFO ] 2024-02-11 12:58:15.670 RestReqFilter:46 
Response code: 200
Response Body:
{
    "token": "QpwL5tke4Pnpja7X4"
}
You can use following cURL to reproduce the same request:
curl --location --request POST https://reqres.in/api/login \
--header 'Accept:application/json'\
--header 'Content-Type:application/json'\
--data-raw '{"email":"eve.holt@reqres.in","password":"cityslicka"}'

[INFO ] 2024-02-11 12:58:15.671 RestReqFilter:52 
x-mm-correlation-id=null


[INFO ] 2024-02-11 12:58:16.241 RestReqFilter:46 
Response code: 400
Response Body:
{
    "error": "Missing password"
}
You can use following cURL to reproduce the same request:
curl --location --request POST https://reqres.in/api/login \
--header 'Accept:application/json'\
--header 'Content-Type:application/json'\
--data-raw '{"email":"peter@klaven","password":""}'

[INFO ] 2024-02-11 12:58:16.241 RestReqFilter:52 
x-mm-correlation-id=null


[INFO ] 2024-02-11 13:02:38.882 RestReqFilter:46 
Response code: 200
Response Body:
{
    "token": "QpwL5tke4Pnpja7X4"
}
You can use following cURL to reproduce the same request:
curl --location --request POST https://reqres.in/api/login \
--header 'Accept:application/json'\
--header 'Content-Type:application/json'\
--data-raw '{"email":"eve.holt@reqres.in","password":"cityslicka"}'

[INFO ] 2024-02-11 13:02:38.885 RestReqFilter:52 
x-mm-correlation-id=null


[INFO ] 2024-02-11 13:02:39.835 RestReqFilter:46 
Response code: 400
Response Body:
{
    "error": "Missing password"
}
You can use following cURL to reproduce the same request:
curl --location --request POST https://reqres.in/api/login \
--header 'Accept:application/json'\
--header 'Content-Type:application/json'\
--data-raw '{"email":"peter@klaven","password":""}'

[INFO ] 2024-02-11 13:02:39.835 RestReqFilter:52 
x-mm-correlation-id=null


[INFO ] 2024-02-11 13:08:30.232 RestReqFilter:46 
Response code: 200
Response Body:
{
    "token": "QpwL5tke4Pnpja7X4"
}
You can use following cURL to reproduce the same request:
curl --location --request POST https://reqres.in/api/login \
--header 'Accept:application/json'\
--header 'Content-Type:application/json'\
--data-raw '{"email":"eve.holt@reqres.in","password":"cityslicka"}'

[INFO ] 2024-02-11 13:08:30.235 RestReqFilter:52 
x-mm-correlation-id=null


[INFO ] 2024-02-11 13:08:30.892 RestReqFilter:46 
Response code: 400
Response Body:
{
    "error": "Missing password"
}
You can use following cURL to reproduce the same request:
curl --location --request POST https://reqres.in/api/login \
--header 'Accept:application/json'\
--header 'Content-Type:application/json'\
--data-raw '{"email":"peter@klaven","password":""}'

[INFO ] 2024-02-11 13:08:30.892 RestReqFilter:52 
x-mm-correlation-id=null


[INFO ] 2024-02-11 13:10:28.511 RestReqFilter:46 
Response code: 200
Response Body:
{
    "token": "QpwL5tke4Pnpja7X4"
}
You can use following cURL to reproduce the same request:
curl --location --request POST https://reqres.in/api/login \
--header 'Accept:application/json'\
--header 'Content-Type:application/json'\
--data-raw '{"email":"eve.holt@reqres.in","password":"cityslicka"}'

[INFO ] 2024-02-11 13:10:28.514 RestReqFilter:52 
x-mm-correlation-id=null


[INFO ] 2024-02-11 13:10:29.145 RestReqFilter:46 
Response code: 400
Response Body:
{
    "error": "Missing password"
}
You can use following cURL to reproduce the same request:
curl --location --request POST https://reqres.in/api/login \
--header 'Accept:application/json'\
--header 'Content-Type:application/json'\
--data-raw '{"email":"peter@klaven","password":""}'

[INFO ] 2024-02-11 13:10:29.145 RestReqFilter:52 
x-mm-correlation-id=null


[INFO ] 2024-02-11 13:11:42.570 RestReqFilter:46 
Response code: 200
Response Body:
{
    "token": "QpwL5tke4Pnpja7X4"
}
You can use following cURL to reproduce the same request:
curl --location --request POST https://reqres.in/api/login \
--header 'Accept:application/json'\
--header 'Content-Type:application/json'\
--data-raw '{"email":"eve.holt@reqres.in","password":"cityslicka"}'

[INFO ] 2024-02-11 13:11:42.573 RestReqFilter:52 
x-mm-correlation-id=null


[INFO ] 2024-02-11 13:11:43.199 RestReqFilter:46 
Response code: 400
Response Body:
{
    "error": "Missing password"
}
You can use following cURL to reproduce the same request:
curl --location --request POST https://reqres.in/api/login \
--header 'Accept:application/json'\
--header 'Content-Type:application/json'\
--data-raw '{"email":"peter@klaven","password":""}'

[INFO ] 2024-02-11 13:11:43.200 RestReqFilter:52 
x-mm-correlation-id=null


[INFO ] 2024-02-11 13:12:40.460 RestReqFilter:46 
Response code: 200
Response Body:
{
    "token": "QpwL5tke4Pnpja7X4"
}
You can use following cURL to reproduce the same request:
curl --location --request POST https://reqres.in/api/login \
--header 'Accept:application/json'\
--header 'Content-Type:application/json'\
--data-raw '{"email":"eve.holt@reqres.in","password":"cityslicka"}'

[INFO ] 2024-02-11 13:12:40.464 RestReqFilter:52 
x-mm-correlation-id=null


[INFO ] 2024-02-11 13:12:41.099 RestReqFilter:46 
Response code: 400
Response Body:
{
    "error": "Missing password"
}
You can use following cURL to reproduce the same request:
curl --location --request POST https://reqres.in/api/login \
--header 'Accept:application/json'\
--header 'Content-Type:application/json'\
--data-raw '{"email":"peter@klaven","password":""}'

[INFO ] 2024-02-11 13:12:41.099 RestReqFilter:52 
x-mm-correlation-id=null


[INFO ] 2024-02-11 13:13:58.586 RestReqFilter:46 
Response code: 200
Response Body:
{
    "token": "QpwL5tke4Pnpja7X4"
}
You can use following cURL to reproduce the same request:
curl --location --request POST https://reqres.in/api/login \
--header 'Accept:application/json'\
--header 'Content-Type:application/json'\
--data-raw '{"email":"eve.holt@reqres.in","password":"cityslicka"}'

[INFO ] 2024-02-11 13:13:58.589 RestReqFilter:52 
x-mm-correlation-id=null


[INFO ] 2024-02-11 13:13:59.551 RestReqFilter:46 
Response code: 400
Response Body:
{
    "error": "Missing password"
}
You can use following cURL to reproduce the same request:
curl --location --request POST https://reqres.in/api/login \
--header 'Accept:application/json'\
--header 'Content-Type:application/json'\
--data-raw '{"email":"peter@klaven","password":""}'

[INFO ] 2024-02-11 13:13:59.551 RestReqFilter:52 
x-mm-correlation-id=null


[INFO ] 2024-02-11 13:15:19.149 RestReqFilter:46 
Response code: 200
Response Body:
{
    "token": "QpwL5tke4Pnpja7X4"
}
You can use following cURL to reproduce the same request:
curl --location --request POST https://reqres.in/api/login \
--header 'Accept:application/json'\
--header 'Content-Type:application/json'\
--data-raw '{"email":"eve.holt@reqres.in","password":"cityslicka"}'

[INFO ] 2024-02-11 13:15:19.151 RestReqFilter:52 
x-mm-correlation-id=null


[INFO ] 2024-02-11 13:16:41.663 RestReqFilter:46 
Response code: 200
Response Body:
{
    "token": "QpwL5tke4Pnpja7X4"
}
You can use following cURL to reproduce the same request:
curl --location --request POST https://reqres.in/api/login \
--header 'Accept:application/json'\
--header 'Content-Type:application/json'\
--data-raw '{"email":"eve.holt@reqres.in","password":"cityslicka"}'

[INFO ] 2024-02-11 13:16:41.666 RestReqFilter:52 
x-mm-correlation-id=null


[INFO ] 2024-02-11 13:19:53.445 RestReqFilter:46 
Response code: 200
Response Body:
{
    "token": "QpwL5tke4Pnpja7X4"
}
You can use following cURL to reproduce the same request:
curl --location --request POST https://reqres.in/api/login \
--header 'Accept:application/json'\
--header 'Content-Type:application/json'\
--data-raw '{"email":"eve.holt@reqres.in","password":"cityslicka"}'

[INFO ] 2024-02-11 13:19:53.456 RestReqFilter:52 
x-mm-correlation-id=null


[INFO ] 2024-02-11 13:32:02.373 RestReqFilter:46 
Response code: 200
Response Body:
{
    "token": "QpwL5tke4Pnpja7X4"
}
You can use following cURL to reproduce the same request:
curl --location --request POST https://reqres.in/api/login \
--header 'Accept:application/json'\
--header 'Content-Type:application/json'\
--data-raw '{"email":"eve.holt@reqres.in","password":"cityslicka"}'

[INFO ] 2024-02-11 13:32:02.375 RestReqFilter:52 
x-mm-correlation-id=null


[INFO ] 2024-02-11 13:32:03.355 RestReqFilter:46 
Response code: 400
Response Body:
{
    "error": "Missing password"
}
You can use following cURL to reproduce the same request:
curl --location --request POST https://reqres.in/api/login \
--header 'Accept:application/json'\
--header 'Content-Type:application/json'\
--data-raw '{"email":"peter@klaven","password":""}'

[INFO ] 2024-02-11 13:32:03.355 RestReqFilter:52 
x-mm-correlation-id=null


[INFO ] 2024-02-11 13:47:10.000 RestReqFilter:46 
Response code: 200
Response Body:
{
    "token": "QpwL5tke4Pnpja7X4"
}
You can use following cURL to reproduce the same request:
curl --location --request POST https://reqres.in/api/login \
--header 'Accept:application/json'\
--header 'Content-Type:application/json'\
--data-raw '{"email":"eve.holt@reqres.in","password":"cityslicka"}'

[INFO ] 2024-02-11 13:47:10.003 RestReqFilter:52 
x-mm-correlation-id=null


[INFO ] 2024-02-11 13:47:10.978 RestReqFilter:46 
Response code: 400
Response Body:
{
    "error": "Missing password"
}
You can use following cURL to reproduce the same request:
curl --location --request POST https://reqres.in/api/login \
--header 'Accept:application/json'\
--header 'Content-Type:application/json'\
--data-raw '{"email":"peter@klaven","password":""}'

[INFO ] 2024-02-11 13:47:10.978 RestReqFilter:52 
x-mm-correlation-id=null


[INFO ] 2024-02-11 14:33:36.821 RestReqFilter:46 
Response code: 200
Response Body:
{
    "token": "QpwL5tke4Pnpja7X4"
}
You can use following cURL to reproduce the same request:
curl --location --request POST https://reqres.in/api/login \
--header 'Accept:application/json'\
--header 'Content-Type:application/json'\
--data-raw '{"email":"eve.holt@reqres.in","password":"cityslicka"}'

[INFO ] 2024-02-11 14:33:36.824 RestReqFilter:52 
x-mm-correlation-id=null


[INFO ] 2024-02-11 14:33:37.825 RestReqFilter:46 
Response code: 400
Response Body:
{
    "error": "Missing password"
}
You can use following cURL to reproduce the same request:
curl --location --request POST https://reqres.in/api/login \
--header 'Accept:application/json'\
--header 'Content-Type:application/json'\
--data-raw '{"email":"peter@klaven","password":""}'

[INFO ] 2024-02-11 14:33:37.825 RestReqFilter:52 
x-mm-correlation-id=null


[INFO ] 2024-02-11 14:36:42.459 RestReqFilter:46 
Response code: 200
Response Body:
{
    "token": "QpwL5tke4Pnpja7X4"
}
You can use following cURL to reproduce the same request:
curl --location --request POST https://reqres.in/api/login \
--header 'Accept:application/json'\
--header 'Content-Type:application/json'\
--data-raw '{"email":"eve.holt@reqres.in","password":"cityslicka"}'

[INFO ] 2024-02-11 14:36:42.462 RestReqFilter:52 
x-mm-correlation-id=null


[INFO ] 2024-02-11 14:36:43.431 RestReqFilter:46 
Response code: 400
Response Body:
{
    "error": "Missing password"
}
You can use following cURL to reproduce the same request:
curl --location --request POST https://reqres.in/api/login \
--header 'Accept:application/json'\
--header 'Content-Type:application/json'\
--data-raw '{"email":"peter@klaven","password":""}'

[INFO ] 2024-02-11 14:36:43.431 RestReqFilter:52 
x-mm-correlation-id=null


[INFO ] 2024-02-11 15:14:13.713 RestReqFilter:46 
Response code: 200
Response Body:
{
    "token": "QpwL5tke4Pnpja7X4"
}
You can use following cURL to reproduce the same request:
curl --location --request POST https://reqres.in/api/login \
--header 'Accept:application/json'\
--header 'Content-Type:application/json'\
--data-raw '{"email":"eve.holt@reqres.in","password":"cityslicka"}'

[INFO ] 2024-02-11 15:14:13.716 RestReqFilter:52 
x-mm-correlation-id=null


[INFO ] 2024-02-11 15:28:32.114 RestReqFilter:46 
Response code: 200
Response Body:
{
    "token": "QpwL5tke4Pnpja7X4"
}
You can use following cURL to reproduce the same request:
curl --location --request POST https://reqres.in/api/login \
--header 'Accept:application/json'\
--header 'Content-Type:application/json'\
--data-raw '{"email":"eve.holt@reqres.in","password":"cityslicka"}'

[INFO ] 2024-02-11 15:28:32.117 RestReqFilter:52 
x-mm-correlation-id=null


[INFO ] 2024-02-11 15:30:10.723 RestReqFilter:46 
Response code: 200
Response Body:
{
    "token": "QpwL5tke4Pnpja7X4"
}
You can use following cURL to reproduce the same request:
curl --location --request POST https://reqres.in/api/login \
--header 'Accept:application/json'\
--header 'Content-Type:application/json'\
--data-raw '{"email":"eve.holt@reqres.in","password":"cityslicka"}'

[INFO ] 2024-02-11 15:30:10.726 RestReqFilter:52 
x-mm-correlation-id=null


[INFO ] 2024-02-11 15:31:13.596 RestReqFilter:46 
Response code: 200
Response Body:
{
    "token": "QpwL5tke4Pnpja7X4"
}
You can use following cURL to reproduce the same request:
curl --location --request POST https://reqres.in/api/login \
--header 'Accept:application/json'\
--header 'Content-Type:application/json'\
--data-raw '{"email":"eve.holt@reqres.in","password":"cityslicka"}'

[INFO ] 2024-02-11 15:31:13.599 RestReqFilter:52 
x-mm-correlation-id=null


[INFO ] 2024-02-11 15:37:22.373 RestReqFilter:46 
Response code: 200
Response Body:
{
    "token": "QpwL5tke4Pnpja7X4"
}
You can use following cURL to reproduce the same request:
curl --location --request POST https://reqres.in/api/login \
--header 'Accept:application/json'\
--header 'Content-Type:application/json'\
--data-raw '{"email":"eve.holt@reqres.in","password":"cityslicka"}'

[INFO ] 2024-02-11 15:37:22.375 RestReqFilter:52 
x-mm-correlation-id=null


[INFO ] 2024-02-11 15:37:56.304 RestReqFilter:46 
Response code: 200
Response Body:
{
    "token": "QpwL5tke4Pnpja7X4"
}
You can use following cURL to reproduce the same request:
curl --location --request POST https://reqres.in/api/login \
--header 'Accept:application/json'\
--header 'Content-Type:application/json'\
--data-raw '{"email":"eve.holt@reqres.in","password":"cityslicka"}'

[INFO ] 2024-02-11 15:37:56.307 RestReqFilter:52 
x-mm-correlation-id=null


[INFO ] 2024-02-11 15:40:21.260 RestReqFilter:46 
Response code: 200
Response Body:
{
    "token": "QpwL5tke4Pnpja7X4"
}
You can use following cURL to reproduce the same request:
curl --location --request POST https://reqres.in/api/login \
--header 'Accept:application/json'\
--header 'Content-Type:application/json'\
--data-raw '{"email":"eve.holt@reqres.in","password":"cityslicka"}'

[INFO ] 2024-02-11 15:40:21.263 RestReqFilter:52 
x-mm-correlation-id=null


[INFO ] 2024-02-11 19:11:54.769 RestReqFilter:46 
Response code: 200
Response Body:
{
    "token": "QpwL5tke4Pnpja7X4"
}
You can use following cURL to reproduce the same request:
curl --location --request POST https://reqres.in/api/login \
--header 'Accept:application/json'\
--header 'Content-Type:application/json'\
--data-raw '{"email":"eve.holt@reqres.in","password":"cityslicka"}'

[INFO ] 2024-02-11 19:11:54.771 RestReqFilter:52 
x-mm-correlation-id=null


[INFO ] 2024-02-11 19:13:50.660 RestReqFilter:46 
Response code: 200
Response Body:
{
    "token": "QpwL5tke4Pnpja7X4"
}
You can use following cURL to reproduce the same request:
curl --location --request POST https://reqres.in/api/login \
--header 'Accept:application/json'\
--header 'Content-Type:application/json'\
--data-raw '{"email":"eve.holt@reqres.in","password":"cityslicka"}'

[INFO ] 2024-02-11 19:13:50.663 RestReqFilter:52 
x-mm-correlation-id=null


[INFO ] 2024-02-11 19:13:51.643 RestReqFilter:46 
Response code: 400
Response Body:
{
    "error": "Missing password"
}
You can use following cURL to reproduce the same request:
curl --location --request POST https://reqres.in/api/login \
--header 'Accept:application/json'\
--header 'Content-Type:application/json'\
--data-raw '{"email":"peter@klaven","password":""}'

[INFO ] 2024-02-11 19:13:51.643 RestReqFilter:52 
x-mm-correlation-id=null


[INFO ] 2024-02-11 19:15:14.392 RestReqFilter:46 
Response code: 200
Response Body:
{
    "token": "QpwL5tke4Pnpja7X4"
}
You can use following cURL to reproduce the same request:
curl --location --request POST https://reqres.in/api/login \
--header 'Accept:application/json'\
--header 'Content-Type:application/json'\
--data-raw '{"email":"eve.holt@reqres.in","password":"cityslicka"}'

[INFO ] 2024-02-11 19:15:14.395 RestReqFilter:52 
x-mm-correlation-id=null


[INFO ] 2024-02-11 19:16:01.557 RestReqFilter:46 
Response code: 200
Response Body:
{
    "token": "QpwL5tke4Pnpja7X4"
}
You can use following cURL to reproduce the same request:
curl --location --request POST https://reqres.in/api/login \
--header 'Accept:application/json'\
--header 'Content-Type:application/json'\
--data-raw '{"email":"eve.holt@reqres.in","password":"cityslicka"}'

[INFO ] 2024-02-11 19:16:01.559 RestReqFilter:52 
x-mm-correlation-id=null


[INFO ] 2024-02-11 19:16:02.532 RestReqFilter:46 
Response code: 400
Response Body:
{
    "error": "Missing password"
}
You can use following cURL to reproduce the same request:
curl --location --request POST https://reqres.in/api/login \
--header 'Accept:application/json'\
--header 'Content-Type:application/json'\
--data-raw '{"email":"peter@klaven","password":""}'

[INFO ] 2024-02-11 19:16:02.532 RestReqFilter:52 
x-mm-correlation-id=null


[INFO ] 2024-02-11 19:18:10.429 RestReqFilter:46 
Response code: 200
Response Body:
{
    "token": "QpwL5tke4Pnpja7X4"
}
You can use following cURL to reproduce the same request:
curl --location --request POST https://reqres.in/api/login \
--header 'Accept:application/json'\
--header 'Content-Type:application/json'\
--data-raw '{"email":"eve.holt@reqres.in","password":"cityslicka"}'

[INFO ] 2024-02-11 19:18:10.432 RestReqFilter:52 
x-mm-correlation-id=null


[INFO ] 2024-02-11 19:20:00.572 RestReqFilter:46 
Response code: 200
Response Body:
{
    "token": "QpwL5tke4Pnpja7X4"
}
You can use following cURL to reproduce the same request:
curl --location --request POST https://reqres.in/api/login \
--header 'Accept:application/json'\
--header 'Content-Type:application/json'\
--data-raw '{"email":"eve.holt@reqres.in","password":"cityslicka"}'

[INFO ] 2024-02-11 19:20:00.575 RestReqFilter:52 
x-mm-correlation-id=null


[INFO ] 2024-02-11 19:23:56.692 RestReqFilter:46 
Response code: 200
Response Body:
{
    "token": "QpwL5tke4Pnpja7X4"
}
You can use following cURL to reproduce the same request:
curl --location --request POST https://reqres.in/api/login \
--header 'Accept:application/json'\
--header 'Content-Type:application/json'\
--data-raw '{"email":"eve.holt@reqres.in","password":"cityslicka"}'

[INFO ] 2024-02-11 19:23:56.695 RestReqFilter:52 
x-mm-correlation-id=null


[INFO ] 2024-02-11 19:26:32.264 RestReqFilter:46 
Response code: 200
Response Body:
{
    "token": "QpwL5tke4Pnpja7X4"
}
You can use following cURL to reproduce the same request:
curl --location --request POST https://reqres.in/api/login \
--header 'Accept:application/json'\
--header 'Content-Type:application/json'\
--data-raw '{"email":"eve.holt@reqres.in","password":"cityslicka"}'

[INFO ] 2024-02-11 19:26:32.267 RestReqFilter:52 
x-mm-correlation-id=null


[INFO ] 2024-02-11 19:34:54.454 RestReqFilter:46 
Response code: 200
Response Body:
{
    "token": "QpwL5tke4Pnpja7X4"
}
You can use following cURL to reproduce the same request:
curl --location --request POST https://reqres.in/api/login \
--header 'Accept:application/json'\
--header 'Content-Type:application/json'\
--data-raw '{"email":"eve.holt@reqres.in","password":"cityslicka"}'

[INFO ] 2024-02-11 19:34:54.457 RestReqFilter:52 
x-mm-correlation-id=null


[INFO ] 2024-02-11 19:35:34.859 RestReqFilter:46 
Response code: 200
Response Body:
{
    "token": "QpwL5tke4Pnpja7X4"
}
You can use following cURL to reproduce the same request:
curl --location --request POST https://reqres.in/api/login \
--header 'Accept:application/json'\
--header 'Content-Type:application/json'\
--data-raw '{"email":"eve.holt@reqres.in","password":"cityslicka"}'

[INFO ] 2024-02-11 19:35:34.862 RestReqFilter:52 
x-mm-correlation-id=null


[INFO ] 2024-02-11 19:35:35.860 RestReqFilter:46 
Response code: 201
Response Body:
{
    "id": "835",
    "createdAt": "2024-02-11T12:35:34.868Z"
}
You can use following cURL to reproduce the same request:
curl --location --request POST https://reqres.in/api/users \
--header 'Authorization:Bearer QpwL5tke4Pnpja7X4'\
--header 'Accept:*/*'\
--header 'Content-Type:text/plain; charset=ISO-8859-1'\
--data-raw '{"name":"Hoa","job":"Teacher"}'

[INFO ] 2024-02-11 19:35:35.861 RestReqFilter:52 
x-mm-correlation-id=null


[INFO ] 2024-02-11 19:41:29.719 RestReqFilter:46 
Response code: 200
Response Body:
{
    "token": "QpwL5tke4Pnpja7X4"
}
You can use following cURL to reproduce the same request:
curl --location --request POST https://reqres.in/api/login \
--header 'Accept:application/json'\
--header 'Content-Type:application/json'\
--data-raw '{"email":"eve.holt@reqres.in","password":"cityslicka"}'

[INFO ] 2024-02-11 19:41:29.722 RestReqFilter:52 
x-mm-correlation-id=null


[INFO ] 2024-02-11 19:41:30.688 RestReqFilter:46 
Response code: 201
Response Body:
{
    "id": "971",
    "createdAt": "2024-02-11T12:41:29.690Z"
}
You can use following cURL to reproduce the same request:
curl --location --request POST https://reqres.in/api/users \
--header 'Authorization:Bearer QpwL5tke4Pnpja7X4'\
--header 'Accept:*/*'\
--header 'Content-Type:text/plain; charset=ISO-8859-1'\
--data-raw '{"name":"Hoa","job":"Teacher"}'

[INFO ] 2024-02-11 19:41:30.688 RestReqFilter:52 
x-mm-correlation-id=null


[INFO ] 2024-02-11 19:42:49.258 RestReqFilter:46 
Response code: 200
Response Body:
{
    "token": "QpwL5tke4Pnpja7X4"
}
You can use following cURL to reproduce the same request:
curl --location --request POST https://reqres.in/api/login \
--header 'Accept:application/json'\
--header 'Content-Type:application/json'\
--data-raw '{"email":"eve.holt@reqres.in","password":"cityslicka"}'

[INFO ] 2024-02-11 19:42:49.260 RestReqFilter:52 
x-mm-correlation-id=null


[INFO ] 2024-02-11 19:42:50.233 RestReqFilter:46 
Response code: 201
Response Body:
{
    "id": "179",
    "createdAt": "2024-02-11T12:42:49.235Z"
}
You can use following cURL to reproduce the same request:
curl --location --request POST https://reqres.in/api/users \
--header 'Authorization:Bearer QpwL5tke4Pnpja7X4'\
--header 'Accept:*/*'\
--header 'Content-Type:text/plain; charset=ISO-8859-1'\
--data-raw '{"name":"Hoa","job":"Teacher"}'

[INFO ] 2024-02-11 19:42:50.233 RestReqFilter:52 
x-mm-correlation-id=null

